[2024-06-06T14:59:14.652+0000] {taskinstance.py:1979} INFO - Dependencies all met for dep_context=non-requeueable deps ti=<TaskInstance: ingest_raw_data.ingest_user_information manual__2024-06-06T14:57:29.236895+00:00 [queued]>
[2024-06-06T14:59:14.663+0000] {taskinstance.py:1979} INFO - Dependencies all met for dep_context=requeueable deps ti=<TaskInstance: ingest_raw_data.ingest_user_information manual__2024-06-06T14:57:29.236895+00:00 [queued]>
[2024-06-06T14:59:14.664+0000] {taskinstance.py:2193} INFO - Starting attempt 1 of 1
[2024-06-06T14:59:14.681+0000] {taskinstance.py:2214} INFO - Executing <Task(AirbyteTriggerSyncOperator): ingest_user_information> on 2024-06-06 14:57:29.236895+00:00
[2024-06-06T14:59:14.685+0000] {standard_task_runner.py:60} INFO - Started process 684 to run task
[2024-06-06T14:59:14.689+0000] {standard_task_runner.py:87} INFO - Running: ['airflow', 'tasks', 'run', 'ingest_raw_data', 'ingest_user_information', 'manual__2024-06-06T14:57:29.236895+00:00', '--job-id', '93', '--raw', '--subdir', 'DAGS_FOLDER/ingest_data.py', '--cfg-path', '/tmp/tmpblch3yq0']
[2024-06-06T14:59:14.691+0000] {standard_task_runner.py:88} INFO - Job 93: Subtask ingest_user_information
[2024-06-06T14:59:14.756+0000] {task_command.py:423} INFO - Running <TaskInstance: ingest_raw_data.ingest_user_information manual__2024-06-06T14:57:29.236895+00:00 [running]> on host 527807d72754
[2024-06-06T14:59:14.871+0000] {taskinstance.py:2510} INFO - Exporting env vars: AIRFLOW_CTX_DAG_OWNER='airflow' AIRFLOW_CTX_DAG_ID='ingest_raw_data' AIRFLOW_CTX_TASK_ID='ingest_user_information' AIRFLOW_CTX_EXECUTION_DATE='2024-06-06T14:57:29.236895+00:00' AIRFLOW_CTX_TRY_NUMBER='1' AIRFLOW_CTX_DAG_RUN_ID='manual__2024-06-06T14:57:29.236895+00:00'
[2024-06-06T14:59:14.886+0000] {base.py:83} INFO - Using connection ID 'airbyte_conn' for task execution.
[2024-06-06T14:59:15.499+0000] {airbyte.py:86} INFO - Job 81 was submitted to Airbyte Server
[2024-06-06T14:59:15.500+0000] {airbyte.py:88} INFO - Waiting for job 81 to complete
[2024-06-06T14:59:18.520+0000] {base.py:83} INFO - Using connection ID 'airbyte_conn' for task execution.
[2024-06-06T14:59:21.554+0000] {base.py:83} INFO - Using connection ID 'airbyte_conn' for task execution.
[2024-06-06T14:59:24.598+0000] {base.py:83} INFO - Using connection ID 'airbyte_conn' for task execution.
[2024-06-06T14:59:27.636+0000] {base.py:83} INFO - Using connection ID 'airbyte_conn' for task execution.
[2024-06-06T14:59:30.667+0000] {base.py:83} INFO - Using connection ID 'airbyte_conn' for task execution.
[2024-06-06T14:59:33.695+0000] {base.py:83} INFO - Using connection ID 'airbyte_conn' for task execution.
[2024-06-06T14:59:36.747+0000] {base.py:83} INFO - Using connection ID 'airbyte_conn' for task execution.
[2024-06-06T14:59:39.807+0000] {base.py:83} INFO - Using connection ID 'airbyte_conn' for task execution.
[2024-06-06T14:59:42.875+0000] {base.py:83} INFO - Using connection ID 'airbyte_conn' for task execution.
[2024-06-06T14:59:45.952+0000] {base.py:83} INFO - Using connection ID 'airbyte_conn' for task execution.
[2024-06-06T14:59:49.023+0000] {base.py:83} INFO - Using connection ID 'airbyte_conn' for task execution.
[2024-06-06T14:59:52.058+0000] {base.py:83} INFO - Using connection ID 'airbyte_conn' for task execution.
[2024-06-06T14:59:55.082+0000] {base.py:83} INFO - Using connection ID 'airbyte_conn' for task execution.
[2024-06-06T14:59:58.105+0000] {base.py:83} INFO - Using connection ID 'airbyte_conn' for task execution.
[2024-06-06T15:00:01.136+0000] {base.py:83} INFO - Using connection ID 'airbyte_conn' for task execution.
[2024-06-06T15:00:04.166+0000] {base.py:83} INFO - Using connection ID 'airbyte_conn' for task execution.
[2024-06-06T15:00:07.189+0000] {base.py:83} INFO - Using connection ID 'airbyte_conn' for task execution.
[2024-06-06T15:00:10.222+0000] {base.py:83} INFO - Using connection ID 'airbyte_conn' for task execution.
[2024-06-06T15:00:13.260+0000] {base.py:83} INFO - Using connection ID 'airbyte_conn' for task execution.
[2024-06-06T15:00:16.302+0000] {base.py:83} INFO - Using connection ID 'airbyte_conn' for task execution.
[2024-06-06T15:00:19.339+0000] {base.py:83} INFO - Using connection ID 'airbyte_conn' for task execution.
[2024-06-06T15:00:22.369+0000] {base.py:83} INFO - Using connection ID 'airbyte_conn' for task execution.
[2024-06-06T15:00:25.395+0000] {base.py:83} INFO - Using connection ID 'airbyte_conn' for task execution.
[2024-06-06T15:00:28.432+0000] {base.py:83} INFO - Using connection ID 'airbyte_conn' for task execution.
[2024-06-06T15:00:28.462+0000] {airbyte.py:112} INFO - Job 81 completed successfully
[2024-06-06T15:00:28.522+0000] {taskinstance.py:1149} INFO - Marking task as SUCCESS. dag_id=ingest_raw_data, task_id=ingest_user_information, execution_date=20240606T145729, start_date=20240606T145914, end_date=20240606T150028
[2024-06-06T15:00:28.564+0000] {local_task_job_runner.py:234} INFO - Task exited with return code 0
[2024-06-06T15:00:28.617+0000] {taskinstance.py:3309} INFO - 1 downstream tasks scheduled from follow-on schedule check
