[2024-06-06T14:50:48.987+0000] {taskinstance.py:1979} INFO - Dependencies all met for dep_context=non-requeueable deps ti=<TaskInstance: ingest_raw_data.ingest_user_behaviour scheduled__2024-06-05T00:00:00+00:00 [queued]>
[2024-06-06T14:50:49.008+0000] {taskinstance.py:1979} INFO - Dependencies all met for dep_context=requeueable deps ti=<TaskInstance: ingest_raw_data.ingest_user_behaviour scheduled__2024-06-05T00:00:00+00:00 [queued]>
[2024-06-06T14:50:49.009+0000] {taskinstance.py:2193} INFO - Starting attempt 1 of 1
[2024-06-06T14:50:49.039+0000] {taskinstance.py:2214} INFO - Executing <Task(AirbyteTriggerSyncOperator): ingest_user_behaviour> on 2024-06-05 00:00:00+00:00
[2024-06-06T14:50:49.046+0000] {standard_task_runner.py:60} INFO - Started process 492 to run task
[2024-06-06T14:50:49.051+0000] {standard_task_runner.py:87} INFO - Running: ['airflow', 'tasks', 'run', 'ingest_raw_data', 'ingest_user_behaviour', 'scheduled__2024-06-05T00:00:00+00:00', '--job-id', '88', '--raw', '--subdir', 'DAGS_FOLDER/ingest_data.py', '--cfg-path', '/tmp/tmpcaognipu']
[2024-06-06T14:50:49.055+0000] {standard_task_runner.py:88} INFO - Job 88: Subtask ingest_user_behaviour
[2024-06-06T14:50:49.155+0000] {task_command.py:423} INFO - Running <TaskInstance: ingest_raw_data.ingest_user_behaviour scheduled__2024-06-05T00:00:00+00:00 [running]> on host 527807d72754
[2024-06-06T14:50:49.350+0000] {taskinstance.py:2510} INFO - Exporting env vars: AIRFLOW_CTX_DAG_OWNER='airflow' AIRFLOW_CTX_DAG_ID='ingest_raw_data' AIRFLOW_CTX_TASK_ID='ingest_user_behaviour' AIRFLOW_CTX_EXECUTION_DATE='2024-06-05T00:00:00+00:00' AIRFLOW_CTX_TRY_NUMBER='1' AIRFLOW_CTX_DAG_RUN_ID='scheduled__2024-06-05T00:00:00+00:00'
[2024-06-06T14:50:49.380+0000] {base.py:83} INFO - Using connection ID 'airbyte_conn' for task execution.
[2024-06-06T14:50:52.517+0000] {airbyte.py:86} INFO - Job 76 was submitted to Airbyte Server
[2024-06-06T14:50:52.518+0000] {airbyte.py:88} INFO - Waiting for job 76 to complete
[2024-06-06T14:50:55.544+0000] {base.py:83} INFO - Using connection ID 'airbyte_conn' for task execution.
[2024-06-06T14:50:58.599+0000] {base.py:83} INFO - Using connection ID 'airbyte_conn' for task execution.
[2024-06-06T14:51:01.630+0000] {base.py:83} INFO - Using connection ID 'airbyte_conn' for task execution.
[2024-06-06T14:51:04.677+0000] {base.py:83} INFO - Using connection ID 'airbyte_conn' for task execution.
[2024-06-06T14:51:07.723+0000] {base.py:83} INFO - Using connection ID 'airbyte_conn' for task execution.
[2024-06-06T14:51:10.747+0000] {base.py:83} INFO - Using connection ID 'airbyte_conn' for task execution.
[2024-06-06T14:51:13.788+0000] {base.py:83} INFO - Using connection ID 'airbyte_conn' for task execution.
[2024-06-06T14:51:16.833+0000] {base.py:83} INFO - Using connection ID 'airbyte_conn' for task execution.
[2024-06-06T14:51:19.892+0000] {base.py:83} INFO - Using connection ID 'airbyte_conn' for task execution.
[2024-06-06T14:51:22.973+0000] {base.py:83} INFO - Using connection ID 'airbyte_conn' for task execution.
[2024-06-06T14:51:26.063+0000] {base.py:83} INFO - Using connection ID 'airbyte_conn' for task execution.
[2024-06-06T14:51:29.135+0000] {base.py:83} INFO - Using connection ID 'airbyte_conn' for task execution.
[2024-06-06T14:51:32.177+0000] {base.py:83} INFO - Using connection ID 'airbyte_conn' for task execution.
[2024-06-06T14:51:35.208+0000] {base.py:83} INFO - Using connection ID 'airbyte_conn' for task execution.
[2024-06-06T14:51:38.231+0000] {base.py:83} INFO - Using connection ID 'airbyte_conn' for task execution.
[2024-06-06T14:51:41.258+0000] {base.py:83} INFO - Using connection ID 'airbyte_conn' for task execution.
[2024-06-06T14:51:44.296+0000] {base.py:83} INFO - Using connection ID 'airbyte_conn' for task execution.
[2024-06-06T14:51:47.330+0000] {base.py:83} INFO - Using connection ID 'airbyte_conn' for task execution.
[2024-06-06T14:51:50.350+0000] {base.py:83} INFO - Using connection ID 'airbyte_conn' for task execution.
[2024-06-06T14:51:53.379+0000] {base.py:83} INFO - Using connection ID 'airbyte_conn' for task execution.
[2024-06-06T14:51:56.416+0000] {base.py:83} INFO - Using connection ID 'airbyte_conn' for task execution.
[2024-06-06T14:51:59.451+0000] {base.py:83} INFO - Using connection ID 'airbyte_conn' for task execution.
[2024-06-06T14:52:02.491+0000] {base.py:83} INFO - Using connection ID 'airbyte_conn' for task execution.
[2024-06-06T14:52:05.522+0000] {base.py:83} INFO - Using connection ID 'airbyte_conn' for task execution.
[2024-06-06T14:52:08.552+0000] {base.py:83} INFO - Using connection ID 'airbyte_conn' for task execution.
[2024-06-06T14:52:11.581+0000] {base.py:83} INFO - Using connection ID 'airbyte_conn' for task execution.
[2024-06-06T14:52:14.613+0000] {base.py:83} INFO - Using connection ID 'airbyte_conn' for task execution.
[2024-06-06T14:52:14.657+0000] {airbyte.py:112} INFO - Job 76 completed successfully
[2024-06-06T14:52:14.707+0000] {taskinstance.py:1149} INFO - Marking task as SUCCESS. dag_id=ingest_raw_data, task_id=ingest_user_behaviour, execution_date=20240605T000000, start_date=20240606T145048, end_date=20240606T145214
[2024-06-06T14:52:14.758+0000] {local_task_job_runner.py:234} INFO - Task exited with return code 0
[2024-06-06T14:52:14.814+0000] {taskinstance.py:3309} INFO - 1 downstream tasks scheduled from follow-on schedule check
