[2024-06-06T14:52:16.283+0000] {taskinstance.py:1979} INFO - Dependencies all met for dep_context=non-requeueable deps ti=<TaskInstance: ingest_raw_data.ingest_product_information scheduled__2024-06-05T00:00:00+00:00 [queued]>
[2024-06-06T14:52:16.301+0000] {taskinstance.py:1979} INFO - Dependencies all met for dep_context=requeueable deps ti=<TaskInstance: ingest_raw_data.ingest_product_information scheduled__2024-06-05T00:00:00+00:00 [queued]>
[2024-06-06T14:52:16.302+0000] {taskinstance.py:2193} INFO - Starting attempt 1 of 1
[2024-06-06T14:52:16.324+0000] {taskinstance.py:2214} INFO - Executing <Task(AirbyteTriggerSyncOperator): ingest_product_information> on 2024-06-05 00:00:00+00:00
[2024-06-06T14:52:16.330+0000] {standard_task_runner.py:60} INFO - Started process 523 to run task
[2024-06-06T14:52:16.334+0000] {standard_task_runner.py:87} INFO - Running: ['airflow', 'tasks', 'run', 'ingest_raw_data', 'ingest_product_information', 'scheduled__2024-06-05T00:00:00+00:00', '--job-id', '89', '--raw', '--subdir', 'DAGS_FOLDER/ingest_data.py', '--cfg-path', '/tmp/tmphuu2akuq']
[2024-06-06T14:52:16.336+0000] {standard_task_runner.py:88} INFO - Job 89: Subtask ingest_product_information
[2024-06-06T14:52:16.411+0000] {task_command.py:423} INFO - Running <TaskInstance: ingest_raw_data.ingest_product_information scheduled__2024-06-05T00:00:00+00:00 [running]> on host 527807d72754
[2024-06-06T14:52:16.540+0000] {taskinstance.py:2510} INFO - Exporting env vars: AIRFLOW_CTX_DAG_OWNER='airflow' AIRFLOW_CTX_DAG_ID='ingest_raw_data' AIRFLOW_CTX_TASK_ID='ingest_product_information' AIRFLOW_CTX_EXECUTION_DATE='2024-06-05T00:00:00+00:00' AIRFLOW_CTX_TRY_NUMBER='1' AIRFLOW_CTX_DAG_RUN_ID='scheduled__2024-06-05T00:00:00+00:00'
[2024-06-06T14:52:16.556+0000] {base.py:83} INFO - Using connection ID 'airbyte_conn' for task execution.
[2024-06-06T14:52:17.207+0000] {airbyte.py:86} INFO - Job 77 was submitted to Airbyte Server
[2024-06-06T14:52:17.208+0000] {airbyte.py:88} INFO - Waiting for job 77 to complete
[2024-06-06T14:52:20.218+0000] {base.py:83} INFO - Using connection ID 'airbyte_conn' for task execution.
[2024-06-06T14:52:23.269+0000] {base.py:83} INFO - Using connection ID 'airbyte_conn' for task execution.
[2024-06-06T14:52:26.323+0000] {base.py:83} INFO - Using connection ID 'airbyte_conn' for task execution.
[2024-06-06T14:52:29.353+0000] {base.py:83} INFO - Using connection ID 'airbyte_conn' for task execution.
[2024-06-06T14:52:32.413+0000] {base.py:83} INFO - Using connection ID 'airbyte_conn' for task execution.
[2024-06-06T14:52:35.510+0000] {base.py:83} INFO - Using connection ID 'airbyte_conn' for task execution.
[2024-06-06T14:52:38.613+0000] {base.py:83} INFO - Using connection ID 'airbyte_conn' for task execution.
[2024-06-06T14:52:41.745+0000] {base.py:83} INFO - Using connection ID 'airbyte_conn' for task execution.
[2024-06-06T14:52:44.960+0000] {base.py:83} INFO - Using connection ID 'airbyte_conn' for task execution.
[2024-06-06T14:52:48.054+0000] {base.py:83} INFO - Using connection ID 'airbyte_conn' for task execution.
[2024-06-06T14:52:51.091+0000] {base.py:83} INFO - Using connection ID 'airbyte_conn' for task execution.
[2024-06-06T14:52:54.115+0000] {base.py:83} INFO - Using connection ID 'airbyte_conn' for task execution.
[2024-06-06T14:52:57.136+0000] {base.py:83} INFO - Using connection ID 'airbyte_conn' for task execution.
[2024-06-06T14:53:00.158+0000] {base.py:83} INFO - Using connection ID 'airbyte_conn' for task execution.
[2024-06-06T14:53:03.186+0000] {base.py:83} INFO - Using connection ID 'airbyte_conn' for task execution.
[2024-06-06T14:53:06.219+0000] {base.py:83} INFO - Using connection ID 'airbyte_conn' for task execution.
[2024-06-06T14:53:09.248+0000] {base.py:83} INFO - Using connection ID 'airbyte_conn' for task execution.
[2024-06-06T14:53:12.273+0000] {base.py:83} INFO - Using connection ID 'airbyte_conn' for task execution.
[2024-06-06T14:53:15.311+0000] {base.py:83} INFO - Using connection ID 'airbyte_conn' for task execution.
[2024-06-06T14:53:18.352+0000] {base.py:83} INFO - Using connection ID 'airbyte_conn' for task execution.
[2024-06-06T14:53:21.379+0000] {base.py:83} INFO - Using connection ID 'airbyte_conn' for task execution.
[2024-06-06T14:53:24.425+0000] {base.py:83} INFO - Using connection ID 'airbyte_conn' for task execution.
[2024-06-06T14:53:27.479+0000] {base.py:83} INFO - Using connection ID 'airbyte_conn' for task execution.
[2024-06-06T14:53:30.510+0000] {base.py:83} INFO - Using connection ID 'airbyte_conn' for task execution.
[2024-06-06T14:53:33.541+0000] {base.py:83} INFO - Using connection ID 'airbyte_conn' for task execution.
[2024-06-06T14:53:33.581+0000] {airbyte.py:112} INFO - Job 77 completed successfully
[2024-06-06T14:53:33.666+0000] {taskinstance.py:1149} INFO - Marking task as SUCCESS. dag_id=ingest_raw_data, task_id=ingest_product_information, execution_date=20240605T000000, start_date=20240606T145216, end_date=20240606T145333
[2024-06-06T14:53:33.734+0000] {local_task_job_runner.py:234} INFO - Task exited with return code 0
[2024-06-06T14:53:33.818+0000] {taskinstance.py:3309} INFO - 1 downstream tasks scheduled from follow-on schedule check
