[2024-06-06T14:50:45.464+0000] {processor.py:161} INFO - Started process (PID=486) to work on /opt/airflow/dags/ingest_data.py
[2024-06-06T14:50:45.477+0000] {processor.py:830} INFO - Processing file /opt/airflow/dags/ingest_data.py for tasks to queue
[2024-06-06T14:50:45.492+0000] {logging_mixin.py:188} INFO - [2024-06-06T14:50:45.485+0000] {dagbag.py:540} INFO - Filling up the DagBag from /opt/airflow/dags/ingest_data.py
[2024-06-06T14:50:45.677+0000] {processor.py:840} INFO - DAG(s) 'ingest_raw_data' retrieved from /opt/airflow/dags/ingest_data.py
[2024-06-06T14:50:46.681+0000] {logging_mixin.py:188} INFO - [2024-06-06T14:50:46.680+0000] {dag.py:3047} INFO - Sync 1 DAGs
[2024-06-06T14:50:46.785+0000] {logging_mixin.py:188} INFO - [2024-06-06T14:50:46.784+0000] {dag.py:3834} INFO - Setting next_dagrun for ingest_raw_data to 2024-06-05 00:00:00+00:00, run_after=2024-06-06 00:00:00+00:00
[2024-06-06T14:50:46.849+0000] {processor.py:183} INFO - Processing /opt/airflow/dags/ingest_data.py took 1.420 seconds
[2024-06-06T14:51:17.187+0000] {processor.py:161} INFO - Started process (PID=499) to work on /opt/airflow/dags/ingest_data.py
[2024-06-06T14:51:17.190+0000] {processor.py:830} INFO - Processing file /opt/airflow/dags/ingest_data.py for tasks to queue
[2024-06-06T14:51:17.192+0000] {logging_mixin.py:188} INFO - [2024-06-06T14:51:17.191+0000] {dagbag.py:540} INFO - Filling up the DagBag from /opt/airflow/dags/ingest_data.py
[2024-06-06T14:51:17.264+0000] {processor.py:840} INFO - DAG(s) 'ingest_raw_data' retrieved from /opt/airflow/dags/ingest_data.py
[2024-06-06T14:51:17.332+0000] {logging_mixin.py:188} INFO - [2024-06-06T14:51:17.332+0000] {dag.py:3047} INFO - Sync 1 DAGs
[2024-06-06T14:51:17.435+0000] {logging_mixin.py:188} INFO - [2024-06-06T14:51:17.435+0000] {dag.py:3834} INFO - Setting next_dagrun for ingest_raw_data to 2024-06-06 00:00:00+00:00, run_after=2024-06-07 00:00:00+00:00
[2024-06-06T14:51:17.485+0000] {processor.py:183} INFO - Processing /opt/airflow/dags/ingest_data.py took 0.304 seconds
[2024-06-06T14:51:47.827+0000] {processor.py:161} INFO - Started process (PID=510) to work on /opt/airflow/dags/ingest_data.py
[2024-06-06T14:51:47.829+0000] {processor.py:830} INFO - Processing file /opt/airflow/dags/ingest_data.py for tasks to queue
[2024-06-06T14:51:47.831+0000] {logging_mixin.py:188} INFO - [2024-06-06T14:51:47.831+0000] {dagbag.py:540} INFO - Filling up the DagBag from /opt/airflow/dags/ingest_data.py
[2024-06-06T14:51:47.878+0000] {processor.py:840} INFO - DAG(s) 'ingest_raw_data' retrieved from /opt/airflow/dags/ingest_data.py
[2024-06-06T14:51:47.914+0000] {logging_mixin.py:188} INFO - [2024-06-06T14:51:47.913+0000] {dag.py:3047} INFO - Sync 1 DAGs
[2024-06-06T14:51:47.957+0000] {logging_mixin.py:188} INFO - [2024-06-06T14:51:47.956+0000] {dag.py:3834} INFO - Setting next_dagrun for ingest_raw_data to 2024-06-06 00:00:00+00:00, run_after=2024-06-07 00:00:00+00:00
[2024-06-06T14:51:47.987+0000] {processor.py:183} INFO - Processing /opt/airflow/dags/ingest_data.py took 0.164 seconds
[2024-06-06T14:52:18.146+0000] {processor.py:161} INFO - Started process (PID=524) to work on /opt/airflow/dags/ingest_data.py
[2024-06-06T14:52:18.149+0000] {processor.py:830} INFO - Processing file /opt/airflow/dags/ingest_data.py for tasks to queue
[2024-06-06T14:52:18.152+0000] {logging_mixin.py:188} INFO - [2024-06-06T14:52:18.151+0000] {dagbag.py:540} INFO - Filling up the DagBag from /opt/airflow/dags/ingest_data.py
[2024-06-06T14:52:18.212+0000] {processor.py:840} INFO - DAG(s) 'ingest_raw_data' retrieved from /opt/airflow/dags/ingest_data.py
[2024-06-06T14:52:18.286+0000] {logging_mixin.py:188} INFO - [2024-06-06T14:52:18.285+0000] {dag.py:3047} INFO - Sync 1 DAGs
[2024-06-06T14:52:18.365+0000] {logging_mixin.py:188} INFO - [2024-06-06T14:52:18.364+0000] {dag.py:3834} INFO - Setting next_dagrun for ingest_raw_data to 2024-06-06 00:00:00+00:00, run_after=2024-06-07 00:00:00+00:00
[2024-06-06T14:52:18.438+0000] {processor.py:183} INFO - Processing /opt/airflow/dags/ingest_data.py took 0.299 seconds
[2024-06-06T14:52:48.691+0000] {processor.py:161} INFO - Started process (PID=535) to work on /opt/airflow/dags/ingest_data.py
[2024-06-06T14:52:48.693+0000] {processor.py:830} INFO - Processing file /opt/airflow/dags/ingest_data.py for tasks to queue
[2024-06-06T14:52:48.698+0000] {logging_mixin.py:188} INFO - [2024-06-06T14:52:48.697+0000] {dagbag.py:540} INFO - Filling up the DagBag from /opt/airflow/dags/ingest_data.py
[2024-06-06T14:52:48.849+0000] {processor.py:840} INFO - DAG(s) 'ingest_raw_data' retrieved from /opt/airflow/dags/ingest_data.py
[2024-06-06T14:52:48.912+0000] {logging_mixin.py:188} INFO - [2024-06-06T14:52:48.911+0000] {dag.py:3047} INFO - Sync 1 DAGs
[2024-06-06T14:52:48.992+0000] {logging_mixin.py:188} INFO - [2024-06-06T14:52:48.991+0000] {dag.py:3834} INFO - Setting next_dagrun for ingest_raw_data to 2024-06-06 00:00:00+00:00, run_after=2024-06-07 00:00:00+00:00
[2024-06-06T14:52:49.038+0000] {processor.py:183} INFO - Processing /opt/airflow/dags/ingest_data.py took 0.354 seconds
[2024-06-06T14:53:19.164+0000] {processor.py:161} INFO - Started process (PID=546) to work on /opt/airflow/dags/ingest_data.py
[2024-06-06T14:53:19.167+0000] {processor.py:830} INFO - Processing file /opt/airflow/dags/ingest_data.py for tasks to queue
[2024-06-06T14:53:19.170+0000] {logging_mixin.py:188} INFO - [2024-06-06T14:53:19.169+0000] {dagbag.py:540} INFO - Filling up the DagBag from /opt/airflow/dags/ingest_data.py
[2024-06-06T14:53:19.233+0000] {processor.py:840} INFO - DAG(s) 'ingest_raw_data' retrieved from /opt/airflow/dags/ingest_data.py
[2024-06-06T14:53:19.291+0000] {logging_mixin.py:188} INFO - [2024-06-06T14:53:19.290+0000] {dag.py:3047} INFO - Sync 1 DAGs
[2024-06-06T14:53:19.341+0000] {logging_mixin.py:188} INFO - [2024-06-06T14:53:19.340+0000] {dag.py:3834} INFO - Setting next_dagrun for ingest_raw_data to 2024-06-06 00:00:00+00:00, run_after=2024-06-07 00:00:00+00:00
[2024-06-06T14:53:19.384+0000] {processor.py:183} INFO - Processing /opt/airflow/dags/ingest_data.py took 0.226 seconds
[2024-06-06T14:53:49.605+0000] {processor.py:161} INFO - Started process (PID=558) to work on /opt/airflow/dags/ingest_data.py
[2024-06-06T14:53:49.607+0000] {processor.py:830} INFO - Processing file /opt/airflow/dags/ingest_data.py for tasks to queue
[2024-06-06T14:53:49.609+0000] {logging_mixin.py:188} INFO - [2024-06-06T14:53:49.609+0000] {dagbag.py:540} INFO - Filling up the DagBag from /opt/airflow/dags/ingest_data.py
[2024-06-06T14:53:49.659+0000] {processor.py:840} INFO - DAG(s) 'ingest_raw_data' retrieved from /opt/airflow/dags/ingest_data.py
[2024-06-06T14:53:49.692+0000] {logging_mixin.py:188} INFO - [2024-06-06T14:53:49.692+0000] {dag.py:3047} INFO - Sync 1 DAGs
[2024-06-06T14:53:49.725+0000] {logging_mixin.py:188} INFO - [2024-06-06T14:53:49.725+0000] {dag.py:3834} INFO - Setting next_dagrun for ingest_raw_data to 2024-06-06 00:00:00+00:00, run_after=2024-06-07 00:00:00+00:00
[2024-06-06T14:53:49.756+0000] {processor.py:183} INFO - Processing /opt/airflow/dags/ingest_data.py took 0.155 seconds
[2024-06-06T14:54:19.916+0000] {processor.py:161} INFO - Started process (PID=569) to work on /opt/airflow/dags/ingest_data.py
[2024-06-06T14:54:19.918+0000] {processor.py:830} INFO - Processing file /opt/airflow/dags/ingest_data.py for tasks to queue
[2024-06-06T14:54:19.920+0000] {logging_mixin.py:188} INFO - [2024-06-06T14:54:19.919+0000] {dagbag.py:540} INFO - Filling up the DagBag from /opt/airflow/dags/ingest_data.py
[2024-06-06T14:54:19.956+0000] {processor.py:840} INFO - DAG(s) 'ingest_raw_data' retrieved from /opt/airflow/dags/ingest_data.py
[2024-06-06T14:54:19.989+0000] {logging_mixin.py:188} INFO - [2024-06-06T14:54:19.989+0000] {dag.py:3047} INFO - Sync 1 DAGs
[2024-06-06T14:54:20.018+0000] {logging_mixin.py:188} INFO - [2024-06-06T14:54:20.018+0000] {dag.py:3834} INFO - Setting next_dagrun for ingest_raw_data to 2024-06-06 00:00:00+00:00, run_after=2024-06-07 00:00:00+00:00
[2024-06-06T14:54:20.048+0000] {processor.py:183} INFO - Processing /opt/airflow/dags/ingest_data.py took 0.136 seconds
[2024-06-06T14:54:50.214+0000] {processor.py:161} INFO - Started process (PID=580) to work on /opt/airflow/dags/ingest_data.py
[2024-06-06T14:54:50.217+0000] {processor.py:830} INFO - Processing file /opt/airflow/dags/ingest_data.py for tasks to queue
[2024-06-06T14:54:50.219+0000] {logging_mixin.py:188} INFO - [2024-06-06T14:54:50.218+0000] {dagbag.py:540} INFO - Filling up the DagBag from /opt/airflow/dags/ingest_data.py
[2024-06-06T14:54:50.259+0000] {processor.py:840} INFO - DAG(s) 'ingest_raw_data' retrieved from /opt/airflow/dags/ingest_data.py
[2024-06-06T14:54:50.285+0000] {logging_mixin.py:188} INFO - [2024-06-06T14:54:50.285+0000] {dag.py:3047} INFO - Sync 1 DAGs
[2024-06-06T14:54:50.309+0000] {logging_mixin.py:188} INFO - [2024-06-06T14:54:50.309+0000] {dag.py:3834} INFO - Setting next_dagrun for ingest_raw_data to 2024-06-06 00:00:00+00:00, run_after=2024-06-07 00:00:00+00:00
[2024-06-06T14:54:50.335+0000] {processor.py:183} INFO - Processing /opt/airflow/dags/ingest_data.py took 0.127 seconds
[2024-06-06T14:55:20.707+0000] {processor.py:161} INFO - Started process (PID=591) to work on /opt/airflow/dags/ingest_data.py
[2024-06-06T14:55:20.712+0000] {processor.py:830} INFO - Processing file /opt/airflow/dags/ingest_data.py for tasks to queue
[2024-06-06T14:55:20.717+0000] {logging_mixin.py:188} INFO - [2024-06-06T14:55:20.715+0000] {dagbag.py:540} INFO - Filling up the DagBag from /opt/airflow/dags/ingest_data.py
[2024-06-06T14:55:21.004+0000] {processor.py:840} INFO - DAG(s) 'ingest_raw_data' retrieved from /opt/airflow/dags/ingest_data.py
[2024-06-06T14:55:21.192+0000] {logging_mixin.py:188} INFO - [2024-06-06T14:55:21.191+0000] {dag.py:3047} INFO - Sync 1 DAGs
[2024-06-06T14:55:21.308+0000] {logging_mixin.py:188} INFO - [2024-06-06T14:55:21.307+0000] {dag.py:3834} INFO - Setting next_dagrun for ingest_raw_data to 2024-06-06 00:00:00+00:00, run_after=2024-06-07 00:00:00+00:00
[2024-06-06T14:55:21.414+0000] {processor.py:183} INFO - Processing /opt/airflow/dags/ingest_data.py took 0.748 seconds
[2024-06-06T14:55:51.948+0000] {processor.py:161} INFO - Started process (PID=602) to work on /opt/airflow/dags/ingest_data.py
[2024-06-06T14:55:51.951+0000] {processor.py:830} INFO - Processing file /opt/airflow/dags/ingest_data.py for tasks to queue
[2024-06-06T14:55:51.953+0000] {logging_mixin.py:188} INFO - [2024-06-06T14:55:51.952+0000] {dagbag.py:540} INFO - Filling up the DagBag from /opt/airflow/dags/ingest_data.py
[2024-06-06T14:55:51.999+0000] {processor.py:840} INFO - DAG(s) 'ingest_raw_data' retrieved from /opt/airflow/dags/ingest_data.py
[2024-06-06T14:55:52.379+0000] {logging_mixin.py:188} INFO - [2024-06-06T14:55:52.378+0000] {dag.py:3047} INFO - Sync 1 DAGs
[2024-06-06T14:55:52.455+0000] {logging_mixin.py:188} INFO - [2024-06-06T14:55:52.454+0000] {dag.py:3834} INFO - Setting next_dagrun for ingest_raw_data to 2024-06-06 00:00:00+00:00, run_after=2024-06-07 00:00:00+00:00
[2024-06-06T14:55:52.512+0000] {processor.py:183} INFO - Processing /opt/airflow/dags/ingest_data.py took 0.573 seconds
[2024-06-06T14:56:22.865+0000] {processor.py:161} INFO - Started process (PID=613) to work on /opt/airflow/dags/ingest_data.py
[2024-06-06T14:56:22.869+0000] {processor.py:830} INFO - Processing file /opt/airflow/dags/ingest_data.py for tasks to queue
[2024-06-06T14:56:22.872+0000] {logging_mixin.py:188} INFO - [2024-06-06T14:56:22.871+0000] {dagbag.py:540} INFO - Filling up the DagBag from /opt/airflow/dags/ingest_data.py
[2024-06-06T14:56:22.933+0000] {processor.py:840} INFO - DAG(s) 'ingest_raw_data' retrieved from /opt/airflow/dags/ingest_data.py
[2024-06-06T14:56:23.001+0000] {logging_mixin.py:188} INFO - [2024-06-06T14:56:23.000+0000] {dag.py:3047} INFO - Sync 1 DAGs
[2024-06-06T14:56:23.063+0000] {logging_mixin.py:188} INFO - [2024-06-06T14:56:23.063+0000] {dag.py:3834} INFO - Setting next_dagrun for ingest_raw_data to 2024-06-06 00:00:00+00:00, run_after=2024-06-07 00:00:00+00:00
[2024-06-06T14:56:23.119+0000] {processor.py:183} INFO - Processing /opt/airflow/dags/ingest_data.py took 0.261 seconds
[2024-06-06T14:56:53.388+0000] {processor.py:161} INFO - Started process (PID=624) to work on /opt/airflow/dags/ingest_data.py
[2024-06-06T14:56:53.390+0000] {processor.py:830} INFO - Processing file /opt/airflow/dags/ingest_data.py for tasks to queue
[2024-06-06T14:56:53.392+0000] {logging_mixin.py:188} INFO - [2024-06-06T14:56:53.391+0000] {dagbag.py:540} INFO - Filling up the DagBag from /opt/airflow/dags/ingest_data.py
[2024-06-06T14:56:53.416+0000] {processor.py:840} INFO - DAG(s) 'ingest_raw_data' retrieved from /opt/airflow/dags/ingest_data.py
[2024-06-06T14:56:53.441+0000] {logging_mixin.py:188} INFO - [2024-06-06T14:56:53.441+0000] {dag.py:3047} INFO - Sync 1 DAGs
[2024-06-06T14:56:53.463+0000] {logging_mixin.py:188} INFO - [2024-06-06T14:56:53.462+0000] {dag.py:3834} INFO - Setting next_dagrun for ingest_raw_data to 2024-06-06 00:00:00+00:00, run_after=2024-06-07 00:00:00+00:00
[2024-06-06T14:56:53.486+0000] {processor.py:183} INFO - Processing /opt/airflow/dags/ingest_data.py took 0.101 seconds
[2024-06-06T14:57:23.635+0000] {processor.py:161} INFO - Started process (PID=635) to work on /opt/airflow/dags/ingest_data.py
[2024-06-06T14:57:23.637+0000] {processor.py:830} INFO - Processing file /opt/airflow/dags/ingest_data.py for tasks to queue
[2024-06-06T14:57:23.640+0000] {logging_mixin.py:188} INFO - [2024-06-06T14:57:23.639+0000] {dagbag.py:540} INFO - Filling up the DagBag from /opt/airflow/dags/ingest_data.py
[2024-06-06T14:57:23.691+0000] {processor.py:840} INFO - DAG(s) 'ingest_raw_data' retrieved from /opt/airflow/dags/ingest_data.py
[2024-06-06T14:57:23.741+0000] {logging_mixin.py:188} INFO - [2024-06-06T14:57:23.740+0000] {dag.py:3047} INFO - Sync 1 DAGs
[2024-06-06T14:57:23.790+0000] {logging_mixin.py:188} INFO - [2024-06-06T14:57:23.789+0000] {dag.py:3834} INFO - Setting next_dagrun for ingest_raw_data to 2024-06-06 00:00:00+00:00, run_after=2024-06-07 00:00:00+00:00
[2024-06-06T14:57:23.832+0000] {processor.py:183} INFO - Processing /opt/airflow/dags/ingest_data.py took 0.203 seconds
[2024-06-06T14:57:53.976+0000] {processor.py:161} INFO - Started process (PID=648) to work on /opt/airflow/dags/ingest_data.py
[2024-06-06T14:57:53.978+0000] {processor.py:830} INFO - Processing file /opt/airflow/dags/ingest_data.py for tasks to queue
[2024-06-06T14:57:53.979+0000] {logging_mixin.py:188} INFO - [2024-06-06T14:57:53.979+0000] {dagbag.py:540} INFO - Filling up the DagBag from /opt/airflow/dags/ingest_data.py
[2024-06-06T14:57:54.016+0000] {processor.py:840} INFO - DAG(s) 'ingest_raw_data' retrieved from /opt/airflow/dags/ingest_data.py
[2024-06-06T14:57:54.046+0000] {logging_mixin.py:188} INFO - [2024-06-06T14:57:54.046+0000] {dag.py:3047} INFO - Sync 1 DAGs
[2024-06-06T14:57:54.085+0000] {logging_mixin.py:188} INFO - [2024-06-06T14:57:54.084+0000] {dag.py:3834} INFO - Setting next_dagrun for ingest_raw_data to 2024-06-06 00:00:00+00:00, run_after=2024-06-07 00:00:00+00:00
[2024-06-06T14:57:54.114+0000] {processor.py:183} INFO - Processing /opt/airflow/dags/ingest_data.py took 0.142 seconds
[2024-06-06T14:58:24.445+0000] {processor.py:161} INFO - Started process (PID=661) to work on /opt/airflow/dags/ingest_data.py
[2024-06-06T14:58:24.450+0000] {processor.py:830} INFO - Processing file /opt/airflow/dags/ingest_data.py for tasks to queue
[2024-06-06T14:58:24.454+0000] {logging_mixin.py:188} INFO - [2024-06-06T14:58:24.453+0000] {dagbag.py:540} INFO - Filling up the DagBag from /opt/airflow/dags/ingest_data.py
[2024-06-06T14:58:24.532+0000] {processor.py:840} INFO - DAG(s) 'ingest_raw_data' retrieved from /opt/airflow/dags/ingest_data.py
[2024-06-06T14:58:24.684+0000] {logging_mixin.py:188} INFO - [2024-06-06T14:58:24.682+0000] {dag.py:3047} INFO - Sync 1 DAGs
[2024-06-06T14:58:24.796+0000] {logging_mixin.py:188} INFO - [2024-06-06T14:58:24.795+0000] {dag.py:3834} INFO - Setting next_dagrun for ingest_raw_data to 2024-06-06 00:00:00+00:00, run_after=2024-06-07 00:00:00+00:00
[2024-06-06T14:58:24.940+0000] {processor.py:183} INFO - Processing /opt/airflow/dags/ingest_data.py took 0.504 seconds
[2024-06-06T14:58:55.253+0000] {processor.py:161} INFO - Started process (PID=672) to work on /opt/airflow/dags/ingest_data.py
[2024-06-06T14:58:55.255+0000] {processor.py:830} INFO - Processing file /opt/airflow/dags/ingest_data.py for tasks to queue
[2024-06-06T14:58:55.256+0000] {logging_mixin.py:188} INFO - [2024-06-06T14:58:55.256+0000] {dagbag.py:540} INFO - Filling up the DagBag from /opt/airflow/dags/ingest_data.py
[2024-06-06T14:58:55.290+0000] {processor.py:840} INFO - DAG(s) 'ingest_raw_data' retrieved from /opt/airflow/dags/ingest_data.py
[2024-06-06T14:58:55.319+0000] {logging_mixin.py:188} INFO - [2024-06-06T14:58:55.318+0000] {dag.py:3047} INFO - Sync 1 DAGs
[2024-06-06T14:58:55.366+0000] {logging_mixin.py:188} INFO - [2024-06-06T14:58:55.366+0000] {dag.py:3834} INFO - Setting next_dagrun for ingest_raw_data to 2024-06-06 00:00:00+00:00, run_after=2024-06-07 00:00:00+00:00
[2024-06-06T14:58:55.394+0000] {processor.py:183} INFO - Processing /opt/airflow/dags/ingest_data.py took 0.144 seconds
[2024-06-06T14:59:25.588+0000] {processor.py:161} INFO - Started process (PID=685) to work on /opt/airflow/dags/ingest_data.py
[2024-06-06T14:59:25.592+0000] {processor.py:830} INFO - Processing file /opt/airflow/dags/ingest_data.py for tasks to queue
[2024-06-06T14:59:25.596+0000] {logging_mixin.py:188} INFO - [2024-06-06T14:59:25.595+0000] {dagbag.py:540} INFO - Filling up the DagBag from /opt/airflow/dags/ingest_data.py
[2024-06-06T14:59:25.670+0000] {processor.py:840} INFO - DAG(s) 'ingest_raw_data' retrieved from /opt/airflow/dags/ingest_data.py
[2024-06-06T14:59:25.757+0000] {logging_mixin.py:188} INFO - [2024-06-06T14:59:25.756+0000] {dag.py:3047} INFO - Sync 1 DAGs
[2024-06-06T14:59:25.829+0000] {logging_mixin.py:188} INFO - [2024-06-06T14:59:25.828+0000] {dag.py:3834} INFO - Setting next_dagrun for ingest_raw_data to 2024-06-06 00:00:00+00:00, run_after=2024-06-07 00:00:00+00:00
[2024-06-06T14:59:25.891+0000] {processor.py:183} INFO - Processing /opt/airflow/dags/ingest_data.py took 0.311 seconds
[2024-06-06T14:59:55.994+0000] {processor.py:161} INFO - Started process (PID=696) to work on /opt/airflow/dags/ingest_data.py
[2024-06-06T14:59:55.996+0000] {processor.py:830} INFO - Processing file /opt/airflow/dags/ingest_data.py for tasks to queue
[2024-06-06T14:59:55.997+0000] {logging_mixin.py:188} INFO - [2024-06-06T14:59:55.997+0000] {dagbag.py:540} INFO - Filling up the DagBag from /opt/airflow/dags/ingest_data.py
[2024-06-06T14:59:56.023+0000] {processor.py:840} INFO - DAG(s) 'ingest_raw_data' retrieved from /opt/airflow/dags/ingest_data.py
[2024-06-06T14:59:56.054+0000] {logging_mixin.py:188} INFO - [2024-06-06T14:59:56.054+0000] {dag.py:3047} INFO - Sync 1 DAGs
[2024-06-06T14:59:56.084+0000] {logging_mixin.py:188} INFO - [2024-06-06T14:59:56.083+0000] {dag.py:3834} INFO - Setting next_dagrun for ingest_raw_data to 2024-06-06 00:00:00+00:00, run_after=2024-06-07 00:00:00+00:00
[2024-06-06T14:59:56.113+0000] {processor.py:183} INFO - Processing /opt/airflow/dags/ingest_data.py took 0.121 seconds
[2024-06-06T15:00:26.276+0000] {processor.py:161} INFO - Started process (PID=707) to work on /opt/airflow/dags/ingest_data.py
[2024-06-06T15:00:26.278+0000] {processor.py:830} INFO - Processing file /opt/airflow/dags/ingest_data.py for tasks to queue
[2024-06-06T15:00:26.279+0000] {logging_mixin.py:188} INFO - [2024-06-06T15:00:26.279+0000] {dagbag.py:540} INFO - Filling up the DagBag from /opt/airflow/dags/ingest_data.py
[2024-06-06T15:00:26.327+0000] {processor.py:840} INFO - DAG(s) 'ingest_raw_data' retrieved from /opt/airflow/dags/ingest_data.py
[2024-06-06T15:00:26.379+0000] {logging_mixin.py:188} INFO - [2024-06-06T15:00:26.378+0000] {dag.py:3047} INFO - Sync 1 DAGs
[2024-06-06T15:00:26.424+0000] {logging_mixin.py:188} INFO - [2024-06-06T15:00:26.424+0000] {dag.py:3834} INFO - Setting next_dagrun for ingest_raw_data to 2024-06-06 00:00:00+00:00, run_after=2024-06-07 00:00:00+00:00
[2024-06-06T15:00:26.481+0000] {processor.py:183} INFO - Processing /opt/airflow/dags/ingest_data.py took 0.210 seconds
[2024-06-06T15:00:56.687+0000] {processor.py:161} INFO - Started process (PID=720) to work on /opt/airflow/dags/ingest_data.py
[2024-06-06T15:00:56.689+0000] {processor.py:830} INFO - Processing file /opt/airflow/dags/ingest_data.py for tasks to queue
[2024-06-06T15:00:56.691+0000] {logging_mixin.py:188} INFO - [2024-06-06T15:00:56.691+0000] {dagbag.py:540} INFO - Filling up the DagBag from /opt/airflow/dags/ingest_data.py
[2024-06-06T15:00:56.741+0000] {processor.py:840} INFO - DAG(s) 'ingest_raw_data' retrieved from /opt/airflow/dags/ingest_data.py
[2024-06-06T15:00:56.777+0000] {logging_mixin.py:188} INFO - [2024-06-06T15:00:56.776+0000] {dag.py:3047} INFO - Sync 1 DAGs
[2024-06-06T15:00:56.811+0000] {logging_mixin.py:188} INFO - [2024-06-06T15:00:56.811+0000] {dag.py:3834} INFO - Setting next_dagrun for ingest_raw_data to 2024-06-06 00:00:00+00:00, run_after=2024-06-07 00:00:00+00:00
[2024-06-06T15:00:56.839+0000] {processor.py:183} INFO - Processing /opt/airflow/dags/ingest_data.py took 0.156 seconds
[2024-06-06T15:01:26.980+0000] {processor.py:161} INFO - Started process (PID=731) to work on /opt/airflow/dags/ingest_data.py
[2024-06-06T15:01:26.981+0000] {processor.py:830} INFO - Processing file /opt/airflow/dags/ingest_data.py for tasks to queue
[2024-06-06T15:01:26.983+0000] {logging_mixin.py:188} INFO - [2024-06-06T15:01:26.983+0000] {dagbag.py:540} INFO - Filling up the DagBag from /opt/airflow/dags/ingest_data.py
[2024-06-06T15:01:27.027+0000] {processor.py:840} INFO - DAG(s) 'ingest_raw_data' retrieved from /opt/airflow/dags/ingest_data.py
[2024-06-06T15:01:27.055+0000] {logging_mixin.py:188} INFO - [2024-06-06T15:01:27.055+0000] {dag.py:3047} INFO - Sync 1 DAGs
[2024-06-06T15:01:27.089+0000] {logging_mixin.py:188} INFO - [2024-06-06T15:01:27.088+0000] {dag.py:3834} INFO - Setting next_dagrun for ingest_raw_data to 2024-06-06 00:00:00+00:00, run_after=2024-06-07 00:00:00+00:00
[2024-06-06T15:01:27.117+0000] {processor.py:183} INFO - Processing /opt/airflow/dags/ingest_data.py took 0.140 seconds
[2024-06-06T15:01:57.319+0000] {processor.py:161} INFO - Started process (PID=742) to work on /opt/airflow/dags/ingest_data.py
[2024-06-06T15:01:57.321+0000] {processor.py:830} INFO - Processing file /opt/airflow/dags/ingest_data.py for tasks to queue
[2024-06-06T15:01:57.322+0000] {logging_mixin.py:188} INFO - [2024-06-06T15:01:57.322+0000] {dagbag.py:540} INFO - Filling up the DagBag from /opt/airflow/dags/ingest_data.py
[2024-06-06T15:01:57.358+0000] {processor.py:840} INFO - DAG(s) 'ingest_raw_data' retrieved from /opt/airflow/dags/ingest_data.py
[2024-06-06T15:01:57.385+0000] {logging_mixin.py:188} INFO - [2024-06-06T15:01:57.385+0000] {dag.py:3047} INFO - Sync 1 DAGs
[2024-06-06T15:01:57.411+0000] {logging_mixin.py:188} INFO - [2024-06-06T15:01:57.411+0000] {dag.py:3834} INFO - Setting next_dagrun for ingest_raw_data to 2024-06-06 00:00:00+00:00, run_after=2024-06-07 00:00:00+00:00
[2024-06-06T15:01:57.441+0000] {processor.py:183} INFO - Processing /opt/airflow/dags/ingest_data.py took 0.125 seconds
[2024-06-06T15:02:27.573+0000] {processor.py:161} INFO - Started process (PID=753) to work on /opt/airflow/dags/ingest_data.py
[2024-06-06T15:02:27.575+0000] {processor.py:830} INFO - Processing file /opt/airflow/dags/ingest_data.py for tasks to queue
[2024-06-06T15:02:27.576+0000] {logging_mixin.py:188} INFO - [2024-06-06T15:02:27.576+0000] {dagbag.py:540} INFO - Filling up the DagBag from /opt/airflow/dags/ingest_data.py
[2024-06-06T15:02:27.603+0000] {processor.py:840} INFO - DAG(s) 'ingest_raw_data' retrieved from /opt/airflow/dags/ingest_data.py
[2024-06-06T15:02:27.630+0000] {logging_mixin.py:188} INFO - [2024-06-06T15:02:27.630+0000] {dag.py:3047} INFO - Sync 1 DAGs
[2024-06-06T15:02:27.655+0000] {logging_mixin.py:188} INFO - [2024-06-06T15:02:27.655+0000] {dag.py:3834} INFO - Setting next_dagrun for ingest_raw_data to 2024-06-06 00:00:00+00:00, run_after=2024-06-07 00:00:00+00:00
[2024-06-06T15:02:27.677+0000] {processor.py:183} INFO - Processing /opt/airflow/dags/ingest_data.py took 0.107 seconds
[2024-06-06T15:02:57.932+0000] {processor.py:161} INFO - Started process (PID=764) to work on /opt/airflow/dags/ingest_data.py
[2024-06-06T15:02:57.933+0000] {processor.py:830} INFO - Processing file /opt/airflow/dags/ingest_data.py for tasks to queue
[2024-06-06T15:02:57.935+0000] {logging_mixin.py:188} INFO - [2024-06-06T15:02:57.935+0000] {dagbag.py:540} INFO - Filling up the DagBag from /opt/airflow/dags/ingest_data.py
[2024-06-06T15:02:57.970+0000] {processor.py:840} INFO - DAG(s) 'ingest_raw_data' retrieved from /opt/airflow/dags/ingest_data.py
[2024-06-06T15:02:58.000+0000] {logging_mixin.py:188} INFO - [2024-06-06T15:02:57.999+0000] {dag.py:3047} INFO - Sync 1 DAGs
[2024-06-06T15:02:58.028+0000] {logging_mixin.py:188} INFO - [2024-06-06T15:02:58.028+0000] {dag.py:3834} INFO - Setting next_dagrun for ingest_raw_data to 2024-06-06 00:00:00+00:00, run_after=2024-06-07 00:00:00+00:00
[2024-06-06T15:02:58.058+0000] {processor.py:183} INFO - Processing /opt/airflow/dags/ingest_data.py took 0.129 seconds
