[2024-06-05T08:33:48.803+0000] {manager.py:469} INFO - Processing files using up to 2 processes at a time 
[2024-06-05T08:33:48.804+0000] {manager.py:470} INFO - Process each file at most once every 30 seconds
[2024-06-05T08:33:48.805+0000] {manager.py:471} INFO - Checking for new files in /opt/airflow/dags every 300 seconds
[2024-06-05T08:33:48.806+0000] {manager.py:738} INFO - Searching for files in /opt/airflow/dags
[2024-06-05T08:33:48.813+0000] {manager.py:741} INFO - There are 0 files in /opt/airflow/dags
[2024-06-05T08:38:49.558+0000] {manager.py:738} INFO - Searching for files in /opt/airflow/dags
[2024-06-05T08:38:49.566+0000] {manager.py:741} INFO - There are 0 files in /opt/airflow/dags
[2024-06-05T08:43:50.377+0000] {manager.py:738} INFO - Searching for files in /opt/airflow/dags
[2024-06-05T08:43:50.388+0000] {manager.py:741} INFO - There are 0 files in /opt/airflow/dags
[2024-06-05T08:48:51.076+0000] {manager.py:738} INFO - Searching for files in /opt/airflow/dags
[2024-06-05T08:48:51.088+0000] {manager.py:741} INFO - There are 0 files in /opt/airflow/dags
[2024-06-05T08:53:51.809+0000] {manager.py:738} INFO - Searching for files in /opt/airflow/dags
[2024-06-05T08:53:51.815+0000] {manager.py:741} INFO - There are 0 files in /opt/airflow/dags
[2024-06-05T09:17:25.703+0000] {manager.py:738} INFO - Searching for files in /opt/airflow/dags
[2024-06-05T09:17:25.708+0000] {manager.py:741} INFO - There are 0 files in /opt/airflow/dags
[2024-06-05T09:22:26.405+0000] {manager.py:738} INFO - Searching for files in /opt/airflow/dags
[2024-06-05T09:22:26.417+0000] {manager.py:741} INFO - There are 0 files in /opt/airflow/dags
[2024-06-05T09:31:02.136+0000] {manager.py:738} INFO - Searching for files in /opt/airflow/dags
[2024-06-05T09:31:02.141+0000] {manager.py:741} INFO - There are 0 files in /opt/airflow/dags
[2024-06-05T09:36:02.974+0000] {manager.py:738} INFO - Searching for files in /opt/airflow/dags
[2024-06-05T09:36:02.987+0000] {manager.py:741} INFO - There are 0 files in /opt/airflow/dags
[2024-06-05T09:41:03.656+0000] {manager.py:738} INFO - Searching for files in /opt/airflow/dags
[2024-06-05T09:41:03.660+0000] {manager.py:741} INFO - There are 0 files in /opt/airflow/dags
[2024-06-05T09:46:04.482+0000] {manager.py:738} INFO - Searching for files in /opt/airflow/dags
[2024-06-05T09:46:04.837+0000] {manager.py:741} INFO - There are 0 files in /opt/airflow/dags
[2024-06-05T09:51:04.605+0000] {manager.py:738} INFO - Searching for files in /opt/airflow/dags
[2024-06-05T09:51:04.612+0000] {manager.py:741} INFO - There are 0 files in /opt/airflow/dags
[2024-06-05T09:56:05.267+0000] {manager.py:738} INFO - Searching for files in /opt/airflow/dags
[2024-06-05T09:56:05.625+0000] {manager.py:741} INFO - There are 0 files in /opt/airflow/dags
[2024-06-05T10:01:05.504+0000] {manager.py:738} INFO - Searching for files in /opt/airflow/dags
[2024-06-05T10:01:05.515+0000] {manager.py:741} INFO - There are 0 files in /opt/airflow/dags
[2024-06-05T12:33:32.559+0000] {manager.py:469} INFO - Processing files using up to 2 processes at a time 
[2024-06-05T12:33:32.564+0000] {manager.py:470} INFO - Process each file at most once every 30 seconds
[2024-06-05T12:33:32.566+0000] {manager.py:471} INFO - Checking for new files in /opt/airflow/dags every 300 seconds
[2024-06-05T12:33:32.568+0000] {manager.py:738} INFO - Searching for files in /opt/airflow/dags
[2024-06-05T12:33:32.580+0000] {manager.py:741} INFO - There are 0 files in /opt/airflow/dags
[2024-06-05T12:38:33.325+0000] {manager.py:738} INFO - Searching for files in /opt/airflow/dags
[2024-06-05T12:38:33.335+0000] {manager.py:741} INFO - There are 0 files in /opt/airflow/dags
[2024-06-05T12:43:33.927+0000] {manager.py:738} INFO - Searching for files in /opt/airflow/dags
[2024-06-05T12:43:33.934+0000] {manager.py:741} INFO - There are 0 files in /opt/airflow/dags
[2024-06-05T12:48:33.991+0000] {manager.py:738} INFO - Searching for files in /opt/airflow/dags
[2024-06-05T12:48:34.000+0000] {manager.py:741} INFO - There are 0 files in /opt/airflow/dags
[2024-06-05T12:53:34.959+0000] {manager.py:738} INFO - Searching for files in /opt/airflow/dags
[2024-06-05T12:53:34.969+0000] {manager.py:741} INFO - There are 0 files in /opt/airflow/dags
[2024-06-05T12:58:35.506+0000] {manager.py:738} INFO - Searching for files in /opt/airflow/dags
[2024-06-05T12:58:35.518+0000] {manager.py:741} INFO - There are 0 files in /opt/airflow/dags
[2024-06-05T13:03:35.653+0000] {manager.py:738} INFO - Searching for files in /opt/airflow/dags
[2024-06-05T13:03:35.663+0000] {manager.py:741} INFO - There are 0 files in /opt/airflow/dags
[2024-06-05T13:08:35.712+0000] {manager.py:738} INFO - Searching for files in /opt/airflow/dags
[2024-06-05T13:08:35.720+0000] {manager.py:741} INFO - There are 0 files in /opt/airflow/dags
[2024-06-05T13:13:36.288+0000] {manager.py:738} INFO - Searching for files in /opt/airflow/dags
[2024-06-05T13:13:36.294+0000] {manager.py:741} INFO - There are 0 files in /opt/airflow/dags
[2024-06-05T13:18:36.691+0000] {manager.py:738} INFO - Searching for files in /opt/airflow/dags
[2024-06-05T13:18:36.699+0000] {manager.py:741} INFO - There are 0 files in /opt/airflow/dags
[2024-06-05T13:23:37.161+0000] {manager.py:738} INFO - Searching for files in /opt/airflow/dags
[2024-06-05T13:23:37.173+0000] {manager.py:741} INFO - There are 0 files in /opt/airflow/dags
[2024-06-05T13:28:38.034+0000] {manager.py:738} INFO - Searching for files in /opt/airflow/dags
[2024-06-05T13:28:38.042+0000] {manager.py:741} INFO - There are 0 files in /opt/airflow/dags
[2024-06-05T13:33:38.830+0000] {manager.py:738} INFO - Searching for files in /opt/airflow/dags
[2024-06-05T13:33:38.841+0000] {manager.py:741} INFO - There are 0 files in /opt/airflow/dags
[2024-06-05T13:38:39.648+0000] {manager.py:738} INFO - Searching for files in /opt/airflow/dags
[2024-06-05T13:38:39.656+0000] {manager.py:741} INFO - There are 0 files in /opt/airflow/dags
[2024-06-05T13:43:40.331+0000] {manager.py:738} INFO - Searching for files in /opt/airflow/dags
[2024-06-05T13:43:40.340+0000] {manager.py:741} INFO - There are 0 files in /opt/airflow/dags
[2024-06-05T13:48:40.984+0000] {manager.py:738} INFO - Searching for files in /opt/airflow/dags
[2024-06-05T13:48:40.993+0000] {manager.py:741} INFO - There are 0 files in /opt/airflow/dags
[2024-06-05T13:53:41.530+0000] {manager.py:738} INFO - Searching for files in /opt/airflow/dags
[2024-06-05T13:53:41.536+0000] {manager.py:741} INFO - There are 0 files in /opt/airflow/dags
[2024-06-05T14:46:59.993+0000] {manager.py:738} INFO - Searching for files in /opt/airflow/dags
[2024-06-05T14:47:02.746+0000] {manager.py:741} INFO - There are 0 files in /opt/airflow/dags
[2024-06-05T14:53:19.898+0000] {manager.py:738} INFO - Searching for files in /opt/airflow/dags
[2024-06-05T14:53:19.937+0000] {manager.py:741} INFO - There are 0 files in /opt/airflow/dags
[2024-06-05T14:58:20.265+0000] {manager.py:738} INFO - Searching for files in /opt/airflow/dags
[2024-06-05T14:58:20.271+0000] {manager.py:741} INFO - There are 0 files in /opt/airflow/dags
[2024-06-05T15:03:20.989+0000] {manager.py:738} INFO - Searching for files in /opt/airflow/dags
[2024-06-05T15:03:20.995+0000] {manager.py:741} INFO - There are 0 files in /opt/airflow/dags
[2024-06-05T15:08:21.653+0000] {manager.py:738} INFO - Searching for files in /opt/airflow/dags
[2024-06-05T15:08:21.664+0000] {manager.py:741} INFO - There are 0 files in /opt/airflow/dags
[2024-06-05T15:13:22.323+0000] {manager.py:738} INFO - Searching for files in /opt/airflow/dags
[2024-06-05T15:13:22.363+0000] {manager.py:741} INFO - There are 0 files in /opt/airflow/dags
[2024-06-05T15:18:23.127+0000] {manager.py:738} INFO - Searching for files in /opt/airflow/dags
[2024-06-05T15:18:23.178+0000] {manager.py:741} INFO - There are 0 files in /opt/airflow/dags
[2024-06-05T15:23:23.180+0000] {manager.py:738} INFO - Searching for files in /opt/airflow/dags
[2024-06-05T15:23:23.186+0000] {manager.py:741} INFO - There are 0 files in /opt/airflow/dags
[2024-06-05T15:28:23.876+0000] {manager.py:738} INFO - Searching for files in /opt/airflow/dags
[2024-06-05T15:28:23.950+0000] {manager.py:741} INFO - There are 0 files in /opt/airflow/dags
[2024-06-05T15:33:24.636+0000] {manager.py:738} INFO - Searching for files in /opt/airflow/dags
[2024-06-05T15:33:24.641+0000] {manager.py:741} INFO - There are 0 files in /opt/airflow/dags
[2024-06-05T15:38:25.346+0000] {manager.py:738} INFO - Searching for files in /opt/airflow/dags
[2024-06-05T15:38:25.357+0000] {manager.py:741} INFO - There are 0 files in /opt/airflow/dags
[2024-06-05T15:43:26.069+0000] {manager.py:738} INFO - Searching for files in /opt/airflow/dags
[2024-06-05T15:43:26.097+0000] {manager.py:741} INFO - There are 0 files in /opt/airflow/dags
[2024-06-05T15:48:26.866+0000] {manager.py:738} INFO - Searching for files in /opt/airflow/dags
[2024-06-05T15:48:26.938+0000] {manager.py:741} INFO - There are 0 files in /opt/airflow/dags
[2024-06-05T15:53:27.802+0000] {manager.py:738} INFO - Searching for files in /opt/airflow/dags
[2024-06-05T15:53:27.813+0000] {manager.py:741} INFO - There are 0 files in /opt/airflow/dags
[2024-06-06T01:48:40.147+0000] {manager.py:738} INFO - Searching for files in /opt/airflow/dags
[2024-06-06T01:48:40.187+0000] {manager.py:741} INFO - There are 0 files in /opt/airflow/dags
[2024-06-06T01:53:40.991+0000] {manager.py:738} INFO - Searching for files in /opt/airflow/dags
[2024-06-06T01:53:41.000+0000] {manager.py:741} INFO - There are 0 files in /opt/airflow/dags
[2024-06-06T01:58:41.703+0000] {manager.py:738} INFO - Searching for files in /opt/airflow/dags
[2024-06-06T01:58:41.711+0000] {manager.py:741} INFO - There are 0 files in /opt/airflow/dags
[2024-06-06T02:11:18.315+0000] {manager.py:738} INFO - Searching for files in /opt/airflow/dags
[2024-06-06T02:11:20.410+0000] {manager.py:741} INFO - There are 0 files in /opt/airflow/dags
[2024-06-06T02:16:19.226+0000] {manager.py:738} INFO - Searching for files in /opt/airflow/dags
[2024-06-06T02:16:19.235+0000] {manager.py:741} INFO - There are 0 files in /opt/airflow/dags
[2024-06-06T02:21:20.101+0000] {manager.py:738} INFO - Searching for files in /opt/airflow/dags
[2024-06-06T02:21:20.112+0000] {manager.py:741} INFO - There are 0 files in /opt/airflow/dags
[2024-06-06T02:26:20.228+0000] {manager.py:738} INFO - Searching for files in /opt/airflow/dags
[2024-06-06T02:26:20.233+0000] {manager.py:741} INFO - There are 0 files in /opt/airflow/dags
[2024-06-06T02:31:21.052+0000] {manager.py:738} INFO - Searching for files in /opt/airflow/dags
[2024-06-06T02:31:21.062+0000] {manager.py:741} INFO - There are 0 files in /opt/airflow/dags
[2024-06-06T02:36:21.859+0000] {manager.py:738} INFO - Searching for files in /opt/airflow/dags
[2024-06-06T02:36:21.864+0000] {manager.py:741} INFO - There are 0 files in /opt/airflow/dags
[2024-06-06T02:41:26.984+0000] {manager.py:738} INFO - Searching for files in /opt/airflow/dags
[2024-06-06T02:41:29.440+0000] {manager.py:741} INFO - There are 0 files in /opt/airflow/dags
[2024-06-06T02:46:27.981+0000] {manager.py:738} INFO - Searching for files in /opt/airflow/dags
[2024-06-06T02:46:28.051+0000] {manager.py:741} INFO - There are 0 files in /opt/airflow/dags
[2024-06-06T02:51:28.746+0000] {manager.py:738} INFO - Searching for files in /opt/airflow/dags
[2024-06-06T02:51:28.757+0000] {manager.py:741} INFO - There are 0 files in /opt/airflow/dags
[2024-06-06T02:56:29.464+0000] {manager.py:738} INFO - Searching for files in /opt/airflow/dags
[2024-06-06T02:56:29.470+0000] {manager.py:741} INFO - There are 0 files in /opt/airflow/dags
[2024-06-06T03:01:30.172+0000] {manager.py:738} INFO - Searching for files in /opt/airflow/dags
[2024-06-06T03:01:33.072+0000] {manager.py:741} INFO - There are 0 files in /opt/airflow/dags
[2024-06-06T03:06:30.472+0000] {manager.py:738} INFO - Searching for files in /opt/airflow/dags
[2024-06-06T03:06:30.477+0000] {manager.py:741} INFO - There are 0 files in /opt/airflow/dags
[2024-06-06T03:11:31.182+0000] {manager.py:738} INFO - Searching for files in /opt/airflow/dags
[2024-06-06T03:11:31.192+0000] {manager.py:741} INFO - There are 0 files in /opt/airflow/dags
[2024-06-06T03:16:31.896+0000] {manager.py:738} INFO - Searching for files in /opt/airflow/dags
[2024-06-06T03:16:31.900+0000] {manager.py:741} INFO - There are 0 files in /opt/airflow/dags
[2024-06-06T03:21:32.521+0000] {manager.py:738} INFO - Searching for files in /opt/airflow/dags
[2024-06-06T03:21:32.528+0000] {manager.py:741} INFO - There are 0 files in /opt/airflow/dags
[2024-06-06T03:26:32.927+0000] {manager.py:738} INFO - Searching for files in /opt/airflow/dags
[2024-06-06T03:26:32.934+0000] {manager.py:741} INFO - There are 0 files in /opt/airflow/dags
[2024-06-06T03:45:39.244+0000] {manager.py:738} INFO - Searching for files in /opt/airflow/dags
[2024-06-06T03:45:40.281+0000] {manager.py:741} INFO - There are 0 files in /opt/airflow/dags
[2024-06-06T03:51:58.232+0000] {manager.py:738} INFO - Searching for files in /opt/airflow/dags
[2024-06-06T03:51:58.236+0000] {manager.py:741} INFO - There are 0 files in /opt/airflow/dags
[2024-06-06T03:56:58.696+0000] {manager.py:738} INFO - Searching for files in /opt/airflow/dags
[2024-06-06T03:56:58.706+0000] {manager.py:741} INFO - There are 0 files in /opt/airflow/dags
[2024-06-06T04:01:59.088+0000] {manager.py:738} INFO - Searching for files in /opt/airflow/dags
[2024-06-06T04:01:59.095+0000] {manager.py:741} INFO - There are 0 files in /opt/airflow/dags
[2024-06-06T04:06:59.520+0000] {manager.py:738} INFO - Searching for files in /opt/airflow/dags
[2024-06-06T04:06:59.529+0000] {manager.py:741} INFO - There are 0 files in /opt/airflow/dags
[2024-06-06T04:11:59.913+0000] {manager.py:738} INFO - Searching for files in /opt/airflow/dags
[2024-06-06T04:11:59.920+0000] {manager.py:741} INFO - There are 0 files in /opt/airflow/dags
[2024-06-06T04:17:00.301+0000] {manager.py:738} INFO - Searching for files in /opt/airflow/dags
[2024-06-06T04:17:00.308+0000] {manager.py:741} INFO - There are 0 files in /opt/airflow/dags
[2024-06-06T04:22:00.747+0000] {manager.py:738} INFO - Searching for files in /opt/airflow/dags
[2024-06-06T04:22:00.754+0000] {manager.py:741} INFO - There are 0 files in /opt/airflow/dags
[2024-06-06T04:27:01.197+0000] {manager.py:738} INFO - Searching for files in /opt/airflow/dags
[2024-06-06T04:27:01.205+0000] {manager.py:741} INFO - There are 0 files in /opt/airflow/dags
[2024-06-06T04:32:01.574+0000] {manager.py:738} INFO - Searching for files in /opt/airflow/dags
[2024-06-06T04:32:01.582+0000] {manager.py:741} INFO - There are 0 files in /opt/airflow/dags
[2024-06-06T04:37:01.961+0000] {manager.py:738} INFO - Searching for files in /opt/airflow/dags
[2024-06-06T04:37:01.971+0000] {manager.py:741} INFO - There are 0 files in /opt/airflow/dags
[2024-06-06T04:42:02.361+0000] {manager.py:738} INFO - Searching for files in /opt/airflow/dags
[2024-06-06T04:42:02.369+0000] {manager.py:741} INFO - There are 0 files in /opt/airflow/dags
[2024-06-06T04:47:02.735+0000] {manager.py:738} INFO - Searching for files in /opt/airflow/dags
[2024-06-06T04:47:02.742+0000] {manager.py:741} INFO - There are 0 files in /opt/airflow/dags
[2024-06-06T04:52:03.118+0000] {manager.py:738} INFO - Searching for files in /opt/airflow/dags
[2024-06-06T04:52:03.127+0000] {manager.py:741} INFO - There are 0 files in /opt/airflow/dags
[2024-06-06T04:57:03.476+0000] {manager.py:738} INFO - Searching for files in /opt/airflow/dags
[2024-06-06T04:57:03.486+0000] {manager.py:741} INFO - There are 0 files in /opt/airflow/dags
[2024-06-06T05:34:45.894+0000] {manager.py:738} INFO - Searching for files in /opt/airflow/dags
[2024-06-06T05:34:47.517+0000] {manager.py:741} INFO - There are 0 files in /opt/airflow/dags
[2024-06-06T05:39:46.332+0000] {manager.py:738} INFO - Searching for files in /opt/airflow/dags
[2024-06-06T05:39:46.344+0000] {manager.py:741} INFO - There are 0 files in /opt/airflow/dags
[2024-06-06T05:44:46.835+0000] {manager.py:738} INFO - Searching for files in /opt/airflow/dags
[2024-06-06T05:44:46.841+0000] {manager.py:741} INFO - There are 0 files in /opt/airflow/dags
[2024-06-06T05:49:46.877+0000] {manager.py:738} INFO - Searching for files in /opt/airflow/dags
[2024-06-06T05:49:46.888+0000] {manager.py:741} INFO - There are 0 files in /opt/airflow/dags
[2024-06-06T05:54:47.126+0000] {manager.py:738} INFO - Searching for files in /opt/airflow/dags
[2024-06-06T05:54:47.133+0000] {manager.py:741} INFO - There are 0 files in /opt/airflow/dags
[2024-06-06T05:59:47.777+0000] {manager.py:738} INFO - Searching for files in /opt/airflow/dags
[2024-06-06T05:59:47.783+0000] {manager.py:741} INFO - There are 0 files in /opt/airflow/dags
[2024-06-06T06:04:48.147+0000] {manager.py:738} INFO - Searching for files in /opt/airflow/dags
[2024-06-06T06:04:48.154+0000] {manager.py:741} INFO - There are 0 files in /opt/airflow/dags
[2024-06-06T06:09:48.520+0000] {manager.py:738} INFO - Searching for files in /opt/airflow/dags
[2024-06-06T06:09:48.527+0000] {manager.py:741} INFO - There are 0 files in /opt/airflow/dags
[2024-06-06T06:14:48.965+0000] {manager.py:738} INFO - Searching for files in /opt/airflow/dags
[2024-06-06T06:14:48.971+0000] {manager.py:741} INFO - There are 0 files in /opt/airflow/dags
[2024-06-06T06:19:49.335+0000] {manager.py:738} INFO - Searching for files in /opt/airflow/dags
[2024-06-06T06:19:49.344+0000] {manager.py:741} INFO - There are 0 files in /opt/airflow/dags
[2024-06-06T06:24:49.686+0000] {manager.py:738} INFO - Searching for files in /opt/airflow/dags
[2024-06-06T06:24:49.692+0000] {manager.py:741} INFO - There are 0 files in /opt/airflow/dags
[2024-06-06T06:29:50.175+0000] {manager.py:738} INFO - Searching for files in /opt/airflow/dags
[2024-06-06T06:29:50.180+0000] {manager.py:741} INFO - There are 0 files in /opt/airflow/dags
[2024-06-06T06:34:50.601+0000] {manager.py:738} INFO - Searching for files in /opt/airflow/dags
[2024-06-06T06:34:50.609+0000] {manager.py:741} INFO - There are 0 files in /opt/airflow/dags
[2024-06-06T06:39:51.011+0000] {manager.py:738} INFO - Searching for files in /opt/airflow/dags
[2024-06-06T06:39:51.018+0000] {manager.py:741} INFO - There are 0 files in /opt/airflow/dags
[2024-06-06T06:44:51.445+0000] {manager.py:738} INFO - Searching for files in /opt/airflow/dags
[2024-06-06T06:44:51.450+0000] {manager.py:741} INFO - There are 0 files in /opt/airflow/dags
[2024-06-06T06:49:51.872+0000] {manager.py:738} INFO - Searching for files in /opt/airflow/dags
[2024-06-06T06:49:51.878+0000] {manager.py:741} INFO - There are 0 files in /opt/airflow/dags
[2024-06-06T06:54:52.307+0000] {manager.py:738} INFO - Searching for files in /opt/airflow/dags
[2024-06-06T06:54:52.314+0000] {manager.py:741} INFO - There are 0 files in /opt/airflow/dags
[2024-06-06T06:59:52.673+0000] {manager.py:738} INFO - Searching for files in /opt/airflow/dags
[2024-06-06T06:59:52.683+0000] {manager.py:741} INFO - There are 0 files in /opt/airflow/dags
[2024-06-06T07:04:53.033+0000] {manager.py:738} INFO - Searching for files in /opt/airflow/dags
[2024-06-06T07:04:53.040+0000] {manager.py:741} INFO - There are 0 files in /opt/airflow/dags
[2024-06-06T07:09:53.418+0000] {manager.py:738} INFO - Searching for files in /opt/airflow/dags
[2024-06-06T07:09:53.428+0000] {manager.py:741} INFO - There are 0 files in /opt/airflow/dags
[2024-06-06T07:14:53.791+0000] {manager.py:738} INFO - Searching for files in /opt/airflow/dags
[2024-06-06T07:14:53.799+0000] {manager.py:741} INFO - There are 0 files in /opt/airflow/dags
[2024-06-06T07:19:54.146+0000] {manager.py:738} INFO - Searching for files in /opt/airflow/dags
[2024-06-06T07:19:54.154+0000] {manager.py:741} INFO - There are 0 files in /opt/airflow/dags
[2024-06-06T07:27:08.094+0000] {manager.py:738} INFO - Searching for files in /opt/airflow/dags
[2024-06-06T07:27:09.855+0000] {manager.py:741} INFO - There are 0 files in /opt/airflow/dags
[2024-06-06T07:33:14.281+0000] {manager.py:738} INFO - Searching for files in /opt/airflow/dags
[2024-06-06T07:33:14.289+0000] {manager.py:741} INFO - There are 0 files in /opt/airflow/dags
[2024-06-06T07:38:14.724+0000] {manager.py:738} INFO - Searching for files in /opt/airflow/dags
[2024-06-06T07:38:14.731+0000] {manager.py:741} INFO - There are 0 files in /opt/airflow/dags
[2024-06-06T07:43:15.087+0000] {manager.py:738} INFO - Searching for files in /opt/airflow/dags
[2024-06-06T07:43:15.095+0000] {manager.py:741} INFO - There are 0 files in /opt/airflow/dags
[2024-06-06T07:48:15.531+0000] {manager.py:738} INFO - Searching for files in /opt/airflow/dags
[2024-06-06T07:48:15.539+0000] {manager.py:741} INFO - There are 0 files in /opt/airflow/dags
[2024-06-06T07:53:16.381+0000] {manager.py:738} INFO - Searching for files in /opt/airflow/dags
[2024-06-06T07:53:16.394+0000] {manager.py:741} INFO - There are 0 files in /opt/airflow/dags
[2024-06-06T07:58:17.323+0000] {manager.py:738} INFO - Searching for files in /opt/airflow/dags
[2024-06-06T07:58:17.333+0000] {manager.py:741} INFO - There are 0 files in /opt/airflow/dags
[2024-06-06T08:03:19.945+0000] {manager.py:738} INFO - Searching for files in /opt/airflow/dags
[2024-06-06T08:03:19.949+0000] {manager.py:741} INFO - There are 0 files in /opt/airflow/dags
[2024-06-06T08:08:20.591+0000] {manager.py:738} INFO - Searching for files in /opt/airflow/dags
[2024-06-06T08:08:20.600+0000] {manager.py:741} INFO - There are 0 files in /opt/airflow/dags
[2024-06-06T08:13:21.069+0000] {manager.py:738} INFO - Searching for files in /opt/airflow/dags
[2024-06-06T08:13:21.077+0000] {manager.py:741} INFO - There are 0 files in /opt/airflow/dags
[2024-06-06T08:18:21.840+0000] {manager.py:738} INFO - Searching for files in /opt/airflow/dags
[2024-06-06T08:18:21.848+0000] {manager.py:741} INFO - There are 0 files in /opt/airflow/dags
[2024-06-06T08:57:37.061+0000] {manager.py:738} INFO - Searching for files in /opt/airflow/dags
[2024-06-06T08:57:38.997+0000] {manager.py:741} INFO - There are 0 files in /opt/airflow/dags
[2024-06-06T09:02:37.494+0000] {manager.py:738} INFO - Searching for files in /opt/airflow/dags
[2024-06-06T09:02:37.500+0000] {manager.py:741} INFO - There are 0 files in /opt/airflow/dags
[2024-06-06T09:07:37.873+0000] {manager.py:738} INFO - Searching for files in /opt/airflow/dags
[2024-06-06T09:07:37.879+0000] {manager.py:741} INFO - There are 0 files in /opt/airflow/dags
[2024-06-06T09:12:38.250+0000] {manager.py:738} INFO - Searching for files in /opt/airflow/dags
[2024-06-06T09:12:38.259+0000] {manager.py:741} INFO - There are 0 files in /opt/airflow/dags
[2024-06-06T09:17:38.963+0000] {manager.py:738} INFO - Searching for files in /opt/airflow/dags
[2024-06-06T09:17:38.974+0000] {manager.py:741} INFO - There are 0 files in /opt/airflow/dags
[2024-06-06T09:22:39.645+0000] {manager.py:738} INFO - Searching for files in /opt/airflow/dags
[2024-06-06T09:22:39.655+0000] {manager.py:741} INFO - There are 0 files in /opt/airflow/dags
[2024-06-06T09:27:40.252+0000] {manager.py:738} INFO - Searching for files in /opt/airflow/dags
[2024-06-06T09:27:40.258+0000] {manager.py:741} INFO - There are 0 files in /opt/airflow/dags
[2024-06-06T09:32:41.025+0000] {manager.py:738} INFO - Searching for files in /opt/airflow/dags
[2024-06-06T09:32:41.032+0000] {manager.py:741} INFO - There are 0 files in /opt/airflow/dags
[2024-06-06T09:39:16.374+0000] {manager.py:738} INFO - Searching for files in /opt/airflow/dags
[2024-06-06T09:39:16.381+0000] {manager.py:741} INFO - There are 0 files in /opt/airflow/dags
[2024-06-06T09:44:17.075+0000] {manager.py:738} INFO - Searching for files in /opt/airflow/dags
[2024-06-06T09:44:17.088+0000] {manager.py:741} INFO - There are 0 files in /opt/airflow/dags
[2024-06-06T09:53:14.967+0000] {manager.py:738} INFO - Searching for files in /opt/airflow/dags
[2024-06-06T09:53:15.280+0000] {manager.py:741} INFO - There are 0 files in /opt/airflow/dags
[2024-06-06T09:58:15.037+0000] {manager.py:738} INFO - Searching for files in /opt/airflow/dags
[2024-06-06T09:58:15.050+0000] {manager.py:741} INFO - There are 0 files in /opt/airflow/dags
[2024-06-06T10:03:15.800+0000] {manager.py:738} INFO - Searching for files in /opt/airflow/dags
[2024-06-06T10:03:15.811+0000] {manager.py:741} INFO - There are 0 files in /opt/airflow/dags
[2024-06-06T10:08:16.655+0000] {manager.py:738} INFO - Searching for files in /opt/airflow/dags
[2024-06-06T10:08:16.665+0000] {manager.py:741} INFO - There are 0 files in /opt/airflow/dags
[2024-06-06T10:13:16.703+0000] {manager.py:738} INFO - Searching for files in /opt/airflow/dags
[2024-06-06T10:13:16.723+0000] {manager.py:741} INFO - There are 0 files in /opt/airflow/dags
[2024-06-06T10:18:17.439+0000] {manager.py:738} INFO - Searching for files in /opt/airflow/dags
[2024-06-06T10:18:17.449+0000] {manager.py:741} INFO - There are 0 files in /opt/airflow/dags
[2024-06-06T10:23:18.240+0000] {manager.py:738} INFO - Searching for files in /opt/airflow/dags
[2024-06-06T10:23:18.312+0000] {manager.py:741} INFO - There are 0 files in /opt/airflow/dags
[2024-06-06T10:28:19.108+0000] {manager.py:738} INFO - Searching for files in /opt/airflow/dags
[2024-06-06T10:28:19.166+0000] {manager.py:741} INFO - There are 0 files in /opt/airflow/dags
[2024-06-06T10:33:20.069+0000] {manager.py:738} INFO - Searching for files in /opt/airflow/dags
[2024-06-06T10:33:20.077+0000] {manager.py:741} INFO - There are 0 files in /opt/airflow/dags
[2024-06-06T10:38:21.056+0000] {manager.py:738} INFO - Searching for files in /opt/airflow/dags
[2024-06-06T10:38:21.247+0000] {manager.py:741} INFO - There are 0 files in /opt/airflow/dags
[2024-06-06T10:43:21.176+0000] {manager.py:738} INFO - Searching for files in /opt/airflow/dags
[2024-06-06T10:43:21.185+0000] {manager.py:741} INFO - There are 0 files in /opt/airflow/dags
[2024-06-06T10:48:21.185+0000] {manager.py:738} INFO - Searching for files in /opt/airflow/dags
[2024-06-06T10:48:21.203+0000] {manager.py:741} INFO - There are 0 files in /opt/airflow/dags
[2024-06-06T13:31:20.705+0000] {manager.py:469} INFO - Processing files using up to 2 processes at a time 
[2024-06-06T13:31:20.707+0000] {manager.py:470} INFO - Process each file at most once every 30 seconds
[2024-06-06T13:31:20.710+0000] {manager.py:471} INFO - Checking for new files in /opt/airflow/dags every 300 seconds
[2024-06-06T13:31:20.712+0000] {manager.py:738} INFO - Searching for files in /opt/airflow/dags
[2024-06-06T13:31:20.724+0000] {manager.py:741} INFO - There are 0 files in /opt/airflow/dags
[2024-06-06T13:36:20.869+0000] {manager.py:738} INFO - Searching for files in /opt/airflow/dags
[2024-06-06T13:36:20.893+0000] {manager.py:741} INFO - There are 0 files in /opt/airflow/dags
[2024-06-06T13:41:21.543+0000] {manager.py:738} INFO - Searching for files in /opt/airflow/dags
[2024-06-06T13:41:21.552+0000] {manager.py:741} INFO - There are 0 files in /opt/airflow/dags
[2024-06-06T13:46:22.163+0000] {manager.py:738} INFO - Searching for files in /opt/airflow/dags
[2024-06-06T13:46:22.177+0000] {manager.py:741} INFO - There are 0 files in /opt/airflow/dags
[2024-06-06T13:51:22.888+0000] {manager.py:738} INFO - Searching for files in /opt/airflow/dags
[2024-06-06T13:51:22.892+0000] {manager.py:741} INFO - There are 0 files in /opt/airflow/dags
[2024-06-06T13:56:23.520+0000] {manager.py:738} INFO - Searching for files in /opt/airflow/dags
[2024-06-06T13:56:23.971+0000] {manager.py:741} INFO - There are 0 files in /opt/airflow/dags
[2024-06-06T14:01:23.663+0000] {manager.py:738} INFO - Searching for files in /opt/airflow/dags
[2024-06-06T14:01:23.669+0000] {manager.py:741} INFO - There are 0 files in /opt/airflow/dags
[2024-06-06T14:06:24.329+0000] {manager.py:738} INFO - Searching for files in /opt/airflow/dags
[2024-06-06T14:06:24.332+0000] {manager.py:741} INFO - There are 0 files in /opt/airflow/dags
[2024-06-06T14:11:24.908+0000] {manager.py:738} INFO - Searching for files in /opt/airflow/dags
[2024-06-06T14:11:24.919+0000] {manager.py:741} INFO - There are 0 files in /opt/airflow/dags
[2024-06-06T14:16:25.375+0000] {manager.py:738} INFO - Searching for files in /opt/airflow/dags
[2024-06-06T14:16:25.383+0000] {manager.py:741} INFO - There are 0 files in /opt/airflow/dags
[2024-06-06T14:25:42.390+0000] {manager.py:469} INFO - Processing files using up to 2 processes at a time 
[2024-06-06T14:25:42.392+0000] {manager.py:470} INFO - Process each file at most once every 30 seconds
[2024-06-06T14:25:42.394+0000] {manager.py:471} INFO - Checking for new files in /opt/airflow/dags every 300 seconds
[2024-06-06T14:25:42.396+0000] {manager.py:738} INFO - Searching for files in /opt/airflow/dags
[2024-06-06T14:25:42.408+0000] {manager.py:741} INFO - There are 0 files in /opt/airflow/dags
[2024-06-06T14:30:43.293+0000] {manager.py:738} INFO - Searching for files in /opt/airflow/dags
[2024-06-06T14:30:43.296+0000] {manager.py:741} INFO - There are 0 files in /opt/airflow/dags
[2024-06-06T14:35:43.680+0000] {manager.py:738} INFO - Searching for files in /opt/airflow/dags
[2024-06-06T14:35:43.689+0000] {manager.py:741} INFO - There are 0 files in /opt/airflow/dags
[2024-06-06T14:40:44.102+0000] {manager.py:738} INFO - Searching for files in /opt/airflow/dags
[2024-06-06T14:40:44.123+0000] {manager.py:741} INFO - There are 0 files in /opt/airflow/dags
[2024-06-06T14:45:44.564+0000] {manager.py:738} INFO - Searching for files in /opt/airflow/dags
[2024-06-06T14:45:44.578+0000] {manager.py:741} INFO - There are 0 files in /opt/airflow/dags
[2024-06-06T14:50:44.942+0000] {manager.py:738} INFO - Searching for files in /opt/airflow/dags
[2024-06-06T14:50:44.960+0000] {manager.py:741} INFO - There are 1 files in /opt/airflow/dags
[2024-06-06T14:50:49.911+0000] {manager.py:879} INFO - 
================================================================================
DAG File Processing Stats

File Path                         PID    Runtime      # DAGs    # Errors  Last Runtime    Last Run
--------------------------------  -----  ---------  --------  ----------  --------------  -------------------
/opt/airflow/dags/ingest_data.py                           1           0  1.53s           2024-06-06T14:50:46
================================================================================
[2024-06-06T14:51:20.178+0000] {manager.py:879} INFO - 
================================================================================
DAG File Processing Stats

File Path                         PID    Runtime      # DAGs    # Errors  Last Runtime    Last Run
--------------------------------  -----  ---------  --------  ----------  --------------  -------------------
/opt/airflow/dags/ingest_data.py                           1           0  0.37s           2024-06-06T14:51:17
================================================================================
[2024-06-06T14:51:50.824+0000] {manager.py:879} INFO - 
================================================================================
DAG File Processing Stats

File Path                         PID    Runtime      # DAGs    # Errors  Last Runtime    Last Run
--------------------------------  -----  ---------  --------  ----------  --------------  -------------------
/opt/airflow/dags/ingest_data.py                           1           0  0.20s           2024-06-06T14:51:47
================================================================================
[2024-06-06T14:52:21.270+0000] {manager.py:879} INFO - 
================================================================================
DAG File Processing Stats

File Path                         PID    Runtime      # DAGs    # Errors  Last Runtime    Last Run
--------------------------------  -----  ---------  --------  ----------  --------------  -------------------
/opt/airflow/dags/ingest_data.py                           1           0  0.38s           2024-06-06T14:52:18
================================================================================
[2024-06-06T14:52:51.895+0000] {manager.py:879} INFO - 
================================================================================
DAG File Processing Stats

File Path                         PID    Runtime      # DAGs    # Errors  Last Runtime    Last Run
--------------------------------  -----  ---------  --------  ----------  --------------  -------------------
/opt/airflow/dags/ingest_data.py                           1           0  0.42s           2024-06-06T14:52:49
================================================================================
[2024-06-06T14:53:22.311+0000] {manager.py:879} INFO - 
================================================================================
DAG File Processing Stats

File Path                         PID    Runtime      # DAGs    # Errors  Last Runtime    Last Run
--------------------------------  -----  ---------  --------  ----------  --------------  -------------------
/opt/airflow/dags/ingest_data.py                           1           0  0.28s           2024-06-06T14:53:19
================================================================================
[2024-06-06T14:53:52.666+0000] {manager.py:879} INFO - 
================================================================================
DAG File Processing Stats

File Path                         PID    Runtime      # DAGs    # Errors  Last Runtime    Last Run
--------------------------------  -----  ---------  --------  ----------  --------------  -------------------
/opt/airflow/dags/ingest_data.py                           1           0  0.20s           2024-06-06T14:53:49
================================================================================
[2024-06-06T14:54:22.985+0000] {manager.py:879} INFO - 
================================================================================
DAG File Processing Stats

File Path                         PID    Runtime      # DAGs    # Errors  Last Runtime    Last Run
--------------------------------  -----  ---------  --------  ----------  --------------  -------------------
/opt/airflow/dags/ingest_data.py                           1           0  0.19s           2024-06-06T14:54:20
================================================================================
[2024-06-06T14:54:53.279+0000] {manager.py:879} INFO - 
================================================================================
DAG File Processing Stats

File Path                         PID    Runtime      # DAGs    # Errors  Last Runtime    Last Run
--------------------------------  -----  ---------  --------  ----------  --------------  -------------------
/opt/airflow/dags/ingest_data.py                           1           0  0.16s           2024-06-06T14:54:50
================================================================================
[2024-06-08T04:53:43.038+0000] {manager.py:469} INFO - Processing files using up to 2 processes at a time 
[2024-06-08T04:53:43.042+0000] {manager.py:470} INFO - Process each file at most once every 30 seconds
[2024-06-08T04:53:43.044+0000] {manager.py:471} INFO - Checking for new files in /opt/airflow/dags every 300 seconds
[2024-06-08T04:53:43.048+0000] {manager.py:738} INFO - Searching for files in /opt/airflow/dags
[2024-06-08T04:53:43.254+0000] {manager.py:741} INFO - There are 1 files in /opt/airflow/dags
[2024-06-08T04:53:43.954+0000] {manager.py:879} INFO - 
================================================================================
DAG File Processing Stats

File Path                           PID  Runtime      # DAGs    # Errors  Last Runtime    Last Run
--------------------------------  -----  ---------  --------  ----------  --------------  ----------
/opt/airflow/dags/ingest_data.py    225  0.09s             0           0
================================================================================
[2024-06-08T04:54:14.439+0000] {manager.py:879} INFO - 
================================================================================
DAG File Processing Stats

File Path                         PID    Runtime      # DAGs    # Errors  Last Runtime    Last Run
--------------------------------  -----  ---------  --------  ----------  --------------  -------------------
/opt/airflow/dags/ingest_data.py                           1           0  1.87s           2024-06-08T04:53:45
================================================================================
[2024-06-08T04:54:44.806+0000] {manager.py:879} INFO - 
================================================================================
DAG File Processing Stats

File Path                         PID    Runtime      # DAGs    # Errors  Last Runtime    Last Run
--------------------------------  -----  ---------  --------  ----------  --------------  -------------------
/opt/airflow/dags/ingest_data.py                           1           0  1.52s           2024-06-08T04:54:18
================================================================================
[2024-06-08T04:55:14.933+0000] {manager.py:879} INFO - 
================================================================================
DAG File Processing Stats

File Path                         PID    Runtime      # DAGs    # Errors  Last Runtime    Last Run
--------------------------------  -----  ---------  --------  ----------  --------------  -------------------
/opt/airflow/dags/ingest_data.py                           1           0  0.39s           2024-06-08T04:54:48
================================================================================
[2024-06-08T04:55:45.380+0000] {manager.py:879} INFO - 
================================================================================
DAG File Processing Stats

File Path                         PID    Runtime      # DAGs    # Errors  Last Runtime    Last Run
--------------------------------  -----  ---------  --------  ----------  --------------  -------------------
/opt/airflow/dags/ingest_data.py                           1           0  1.04s           2024-06-08T04:55:20
================================================================================
[2024-06-08T04:56:15.897+0000] {manager.py:879} INFO - 
================================================================================
DAG File Processing Stats

File Path                         PID    Runtime      # DAGs    # Errors  Last Runtime    Last Run
--------------------------------  -----  ---------  --------  ----------  --------------  -------------------
/opt/airflow/dags/ingest_data.py                           1           0  0.93s           2024-06-08T04:55:51
================================================================================
[2024-06-08T04:56:45.937+0000] {manager.py:879} INFO - 
================================================================================
DAG File Processing Stats

File Path                         PID    Runtime      # DAGs    # Errors  Last Runtime    Last Run
--------------------------------  -----  ---------  --------  ----------  --------------  -------------------
/opt/airflow/dags/ingest_data.py                           1           0  0.77s           2024-06-08T04:56:23
================================================================================
[2024-06-08T04:57:16.443+0000] {manager.py:879} INFO - 
================================================================================
DAG File Processing Stats

File Path                         PID    Runtime      # DAGs    # Errors  Last Runtime    Last Run
--------------------------------  -----  ---------  --------  ----------  --------------  -------------------
/opt/airflow/dags/ingest_data.py                           1           0  0.29s           2024-06-08T04:56:53
================================================================================
[2024-06-08T04:57:46.503+0000] {manager.py:879} INFO - 
================================================================================
DAG File Processing Stats

File Path                         PID    Runtime      # DAGs    # Errors  Last Runtime    Last Run
--------------------------------  -----  ---------  --------  ----------  --------------  -------------------
/opt/airflow/dags/ingest_data.py                           1           0  0.37s           2024-06-08T04:57:24
================================================================================
[2024-06-08T04:58:17.393+0000] {manager.py:879} INFO - 
================================================================================
DAG File Processing Stats

File Path                         PID    Runtime      # DAGs    # Errors  Last Runtime    Last Run
--------------------------------  -----  ---------  --------  ----------  --------------  -------------------
/opt/airflow/dags/ingest_data.py                           1           0  0.54s           2024-06-08T04:57:54
================================================================================
[2024-06-08T04:58:43.457+0000] {manager.py:738} INFO - Searching for files in /opt/airflow/dags
[2024-06-08T04:58:43.548+0000] {manager.py:741} INFO - There are 1 files in /opt/airflow/dags
[2024-06-08T04:58:47.609+0000] {manager.py:879} INFO - 
================================================================================
DAG File Processing Stats

File Path                         PID    Runtime      # DAGs    # Errors  Last Runtime    Last Run
--------------------------------  -----  ---------  --------  ----------  --------------  -------------------
/opt/airflow/dags/ingest_data.py                           1           0  0.42s           2024-06-08T04:58:25
================================================================================
[2024-06-08T04:59:17.855+0000] {manager.py:879} INFO - 
================================================================================
DAG File Processing Stats

File Path                         PID    Runtime      # DAGs    # Errors  Last Runtime    Last Run
--------------------------------  -----  ---------  --------  ----------  --------------  -------------------
/opt/airflow/dags/ingest_data.py                           1           0  0.46s           2024-06-08T04:58:57
================================================================================
[2024-06-08T04:59:48.769+0000] {manager.py:879} INFO - 
================================================================================
DAG File Processing Stats

File Path                         PID    Runtime      # DAGs    # Errors  Last Runtime    Last Run
--------------------------------  -----  ---------  --------  ----------  --------------  -------------------
/opt/airflow/dags/ingest_data.py                           1           0  0.32s           2024-06-08T04:59:28
================================================================================
[2024-06-08T05:00:19.529+0000] {manager.py:879} INFO - 
================================================================================
DAG File Processing Stats

File Path                         PID    Runtime      # DAGs    # Errors  Last Runtime    Last Run
--------------------------------  -----  ---------  --------  ----------  --------------  -------------------
/opt/airflow/dags/ingest_data.py                           1           0  0.23s           2024-06-08T04:59:58
================================================================================
[2024-06-08T05:00:50.264+0000] {manager.py:879} INFO - 
================================================================================
DAG File Processing Stats

File Path                         PID    Runtime      # DAGs    # Errors  Last Runtime    Last Run
--------------------------------  -----  ---------  --------  ----------  --------------  -------------------
/opt/airflow/dags/ingest_data.py                           1           0  0.36s           2024-06-08T05:00:29
================================================================================
[2024-06-08T05:01:20.537+0000] {manager.py:879} INFO - 
================================================================================
DAG File Processing Stats

File Path                         PID    Runtime      # DAGs    # Errors  Last Runtime    Last Run
--------------------------------  -----  ---------  --------  ----------  --------------  -------------------
/opt/airflow/dags/ingest_data.py                           1           0  0.78s           2024-06-08T05:01:00
================================================================================
[2024-06-08T05:01:50.818+0000] {manager.py:879} INFO - 
================================================================================
DAG File Processing Stats

File Path                         PID    Runtime      # DAGs    # Errors  Last Runtime    Last Run
--------------------------------  -----  ---------  --------  ----------  --------------  -------------------
/opt/airflow/dags/ingest_data.py                           1           0  0.36s           2024-06-08T05:01:30
================================================================================
[2024-06-08T05:02:21.364+0000] {manager.py:879} INFO - 
================================================================================
DAG File Processing Stats

File Path                         PID    Runtime      # DAGs    # Errors  Last Runtime    Last Run
--------------------------------  -----  ---------  --------  ----------  --------------  -------------------
/opt/airflow/dags/ingest_data.py                           1           0  0.21s           2024-06-08T05:02:01
================================================================================
[2024-06-08T05:02:51.559+0000] {manager.py:879} INFO - 
================================================================================
DAG File Processing Stats

File Path                         PID    Runtime      # DAGs    # Errors  Last Runtime    Last Run
--------------------------------  -----  ---------  --------  ----------  --------------  -------------------
/opt/airflow/dags/ingest_data.py                           1           0  0.26s           2024-06-08T05:02:32
================================================================================
[2024-06-08T05:03:21.825+0000] {manager.py:879} INFO - 
================================================================================
DAG File Processing Stats

File Path                         PID    Runtime      # DAGs    # Errors  Last Runtime    Last Run
--------------------------------  -----  ---------  --------  ----------  --------------  -------------------
/opt/airflow/dags/ingest_data.py                           1           0  2.43s           2024-06-08T05:03:05
================================================================================
[2024-06-08T05:03:44.003+0000] {manager.py:738} INFO - Searching for files in /opt/airflow/dags
[2024-06-08T05:03:44.049+0000] {manager.py:741} INFO - There are 1 files in /opt/airflow/dags
[2024-06-08T05:03:52.311+0000] {manager.py:879} INFO - 
================================================================================
DAG File Processing Stats

File Path                         PID    Runtime      # DAGs    # Errors  Last Runtime    Last Run
--------------------------------  -----  ---------  --------  ----------  --------------  -------------------
/opt/airflow/dags/ingest_data.py                           1           0  0.45s           2024-06-08T05:03:35
================================================================================
[2024-06-08T05:04:22.324+0000] {manager.py:879} INFO - 
================================================================================
DAG File Processing Stats

File Path                         PID    Runtime      # DAGs    # Errors  Last Runtime    Last Run
--------------------------------  -----  ---------  --------  ----------  --------------  -------------------
/opt/airflow/dags/ingest_data.py                           1           0  0.43s           2024-06-08T05:04:07
================================================================================
[2024-06-08T05:04:52.512+0000] {manager.py:879} INFO - 
================================================================================
DAG File Processing Stats

File Path                         PID    Runtime      # DAGs    # Errors  Last Runtime    Last Run
--------------------------------  -----  ---------  --------  ----------  --------------  -------------------
/opt/airflow/dags/ingest_data.py                           1           0  0.17s           2024-06-08T05:04:37
================================================================================
[2024-06-08T05:05:23.125+0000] {manager.py:879} INFO - 
================================================================================
DAG File Processing Stats

File Path                         PID    Runtime      # DAGs    # Errors  Last Runtime    Last Run
--------------------------------  -----  ---------  --------  ----------  --------------  -------------------
/opt/airflow/dags/ingest_data.py                           1           0  0.15s           2024-06-08T05:05:07
================================================================================
[2024-06-08T05:05:53.782+0000] {manager.py:879} INFO - 
================================================================================
DAG File Processing Stats

File Path                         PID    Runtime      # DAGs    # Errors  Last Runtime    Last Run
--------------------------------  -----  ---------  --------  ----------  --------------  -------------------
/opt/airflow/dags/ingest_data.py                           1           0  0.37s           2024-06-08T05:05:38
================================================================================
[2024-06-08T05:06:24.500+0000] {manager.py:879} INFO - 
================================================================================
DAG File Processing Stats

File Path                         PID    Runtime      # DAGs    # Errors  Last Runtime    Last Run
--------------------------------  -----  ---------  --------  ----------  --------------  -------------------
/opt/airflow/dags/ingest_data.py                           1           0  0.30s           2024-06-08T05:06:09
================================================================================
[2024-06-08T05:06:54.999+0000] {manager.py:879} INFO - 
================================================================================
DAG File Processing Stats

File Path                         PID    Runtime      # DAGs    # Errors  Last Runtime    Last Run
--------------------------------  -----  ---------  --------  ----------  --------------  -------------------
/opt/airflow/dags/ingest_data.py                           1           0  0.36s           2024-06-08T05:06:40
================================================================================
[2024-06-08T05:07:25.643+0000] {manager.py:879} INFO - 
================================================================================
DAG File Processing Stats

File Path                         PID    Runtime      # DAGs    # Errors  Last Runtime    Last Run
--------------------------------  -----  ---------  --------  ----------  --------------  -------------------
/opt/airflow/dags/ingest_data.py                           1           0  1.13s           2024-06-08T05:07:11
================================================================================
[2024-06-08T05:07:56.245+0000] {manager.py:879} INFO - 
================================================================================
DAG File Processing Stats

File Path                         PID    Runtime      # DAGs    # Errors  Last Runtime    Last Run
--------------------------------  -----  ---------  --------  ----------  --------------  -------------------
/opt/airflow/dags/ingest_data.py                           1           0  0.20s           2024-06-08T05:07:42
================================================================================
[2024-06-08T05:08:26.461+0000] {manager.py:879} INFO - 
================================================================================
DAG File Processing Stats

File Path                         PID    Runtime      # DAGs    # Errors  Last Runtime    Last Run
--------------------------------  -----  ---------  --------  ----------  --------------  -------------------
/opt/airflow/dags/ingest_data.py                           1           0  0.38s           2024-06-08T05:08:13
================================================================================
[2024-06-08T05:08:44.348+0000] {manager.py:738} INFO - Searching for files in /opt/airflow/dags
[2024-06-08T05:08:44.373+0000] {manager.py:741} INFO - There are 1 files in /opt/airflow/dags
[2024-06-08T05:08:56.685+0000] {manager.py:879} INFO - 
================================================================================
DAG File Processing Stats

File Path                         PID    Runtime      # DAGs    # Errors  Last Runtime    Last Run
--------------------------------  -----  ---------  --------  ----------  --------------  -------------------
/opt/airflow/dags/ingest_data.py                           1           0  0.20s           2024-06-08T05:08:43
================================================================================
[2024-06-08T05:09:26.976+0000] {manager.py:879} INFO - 
================================================================================
DAG File Processing Stats

File Path                         PID    Runtime      # DAGs    # Errors  Last Runtime    Last Run
--------------------------------  -----  ---------  --------  ----------  --------------  -------------------
/opt/airflow/dags/ingest_data.py                           1           0  0.28s           2024-06-08T05:09:14
================================================================================
[2024-06-08T05:09:57.344+0000] {manager.py:879} INFO - 
================================================================================
DAG File Processing Stats

File Path                         PID    Runtime      # DAGs    # Errors  Last Runtime    Last Run
--------------------------------  -----  ---------  --------  ----------  --------------  -------------------
/opt/airflow/dags/ingest_data.py                           1           0  0.45s           2024-06-08T05:09:45
================================================================================
[2024-06-08T05:10:27.593+0000] {manager.py:879} INFO - 
================================================================================
DAG File Processing Stats

File Path                         PID    Runtime      # DAGs    # Errors  Last Runtime    Last Run
--------------------------------  -----  ---------  --------  ----------  --------------  -------------------
/opt/airflow/dags/ingest_data.py                           1           0  0.63s           2024-06-08T05:10:16
================================================================================
[2024-06-08T05:10:57.785+0000] {manager.py:879} INFO - 
================================================================================
DAG File Processing Stats

File Path                         PID    Runtime      # DAGs    # Errors  Last Runtime    Last Run
--------------------------------  -----  ---------  --------  ----------  --------------  -------------------
/opt/airflow/dags/ingest_data.py                           1           0  0.69s           2024-06-08T05:10:47
================================================================================
[2024-06-08T05:11:27.974+0000] {manager.py:879} INFO - 
================================================================================
DAG File Processing Stats

File Path                         PID    Runtime      # DAGs    # Errors  Last Runtime    Last Run
--------------------------------  -----  ---------  --------  ----------  --------------  -------------------
/opt/airflow/dags/ingest_data.py                           1           0  0.39s           2024-06-08T05:11:18
================================================================================
[2024-06-08T05:11:58.361+0000] {manager.py:879} INFO - 
================================================================================
DAG File Processing Stats

File Path                         PID    Runtime      # DAGs    # Errors  Last Runtime    Last Run
--------------------------------  -----  ---------  --------  ----------  --------------  -------------------
/opt/airflow/dags/ingest_data.py                           1           0  0.47s           2024-06-08T05:11:49
================================================================================
[2024-06-08T05:12:28.805+0000] {manager.py:879} INFO - 
================================================================================
DAG File Processing Stats

File Path                         PID    Runtime      # DAGs    # Errors  Last Runtime    Last Run
--------------------------------  -----  ---------  --------  ----------  --------------  -------------------
/opt/airflow/dags/ingest_data.py                           1           0  0.23s           2024-06-08T05:12:19
================================================================================
[2024-06-08T05:12:58.887+0000] {manager.py:879} INFO - 
================================================================================
DAG File Processing Stats

File Path                         PID    Runtime      # DAGs    # Errors  Last Runtime    Last Run
--------------------------------  -----  ---------  --------  ----------  --------------  -------------------
/opt/airflow/dags/ingest_data.py                           1           0  0.35s           2024-06-08T05:12:50
================================================================================
[2024-06-08T05:13:29.418+0000] {manager.py:879} INFO - 
================================================================================
DAG File Processing Stats

File Path                         PID    Runtime      # DAGs    # Errors  Last Runtime    Last Run
--------------------------------  -----  ---------  --------  ----------  --------------  -------------------
/opt/airflow/dags/ingest_data.py                           1           0  0.50s           2024-06-08T05:13:21
================================================================================
[2024-06-08T05:13:44.789+0000] {manager.py:738} INFO - Searching for files in /opt/airflow/dags
[2024-06-08T05:13:44.815+0000] {manager.py:741} INFO - There are 1 files in /opt/airflow/dags
[2024-06-08T05:14:00.320+0000] {manager.py:879} INFO - 
================================================================================
DAG File Processing Stats

File Path                         PID    Runtime      # DAGs    # Errors  Last Runtime    Last Run
--------------------------------  -----  ---------  --------  ----------  --------------  -------------------
/opt/airflow/dags/ingest_data.py                           1           0  0.17s           2024-06-08T05:13:52
================================================================================
[2024-06-08T05:14:30.920+0000] {manager.py:879} INFO - 
================================================================================
DAG File Processing Stats

File Path                         PID    Runtime      # DAGs    # Errors  Last Runtime    Last Run
--------------------------------  -----  ---------  --------  ----------  --------------  -------------------
/opt/airflow/dags/ingest_data.py                           1           0  0.45s           2024-06-08T05:14:22
================================================================================
[2024-06-08T05:15:01.541+0000] {manager.py:879} INFO - 
================================================================================
DAG File Processing Stats

File Path                         PID    Runtime      # DAGs    # Errors  Last Runtime    Last Run
--------------------------------  -----  ---------  --------  ----------  --------------  -------------------
/opt/airflow/dags/ingest_data.py                           1           0  0.30s           2024-06-08T05:14:53
================================================================================
[2024-06-08T05:15:31.729+0000] {manager.py:879} INFO - 
================================================================================
DAG File Processing Stats

File Path                         PID    Runtime      # DAGs    # Errors  Last Runtime    Last Run
--------------------------------  -----  ---------  --------  ----------  --------------  -------------------
/opt/airflow/dags/ingest_data.py                           1           0  0.28s           2024-06-08T05:15:24
================================================================================
[2024-06-08T05:16:01.929+0000] {manager.py:879} INFO - 
================================================================================
DAG File Processing Stats

File Path                         PID    Runtime      # DAGs    # Errors  Last Runtime    Last Run
--------------------------------  -----  ---------  --------  ----------  --------------  -------------------
/opt/airflow/dags/ingest_data.py                           1           0  1.12s           2024-06-08T05:15:55
================================================================================
[2024-06-08T05:16:32.711+0000] {manager.py:879} INFO - 
================================================================================
DAG File Processing Stats

File Path                         PID    Runtime      # DAGs    # Errors  Last Runtime    Last Run
--------------------------------  -----  ---------  --------  ----------  --------------  -------------------
/opt/airflow/dags/ingest_data.py                           1           0  0.26s           2024-06-08T05:16:26
================================================================================
[2024-06-08T05:17:03.003+0000] {manager.py:879} INFO - 
================================================================================
DAG File Processing Stats

File Path                         PID    Runtime      # DAGs    # Errors  Last Runtime    Last Run
--------------------------------  -----  ---------  --------  ----------  --------------  -------------------
/opt/airflow/dags/ingest_data.py                           1           0  0.43s           2024-06-08T05:16:57
================================================================================
[2024-06-08T05:17:33.286+0000] {manager.py:879} INFO - 
================================================================================
DAG File Processing Stats

File Path                         PID    Runtime      # DAGs    # Errors  Last Runtime    Last Run
--------------------------------  -----  ---------  --------  ----------  --------------  -------------------
/opt/airflow/dags/ingest_data.py                           1           0  0.24s           2024-06-08T05:17:28
================================================================================
[2024-06-08T05:18:05.319+0000] {manager.py:879} INFO - 
================================================================================
DAG File Processing Stats

File Path                         PID    Runtime      # DAGs    # Errors  Last Runtime    Last Run
--------------------------------  -----  ---------  --------  ----------  --------------  -------------------
/opt/airflow/dags/ingest_data.py                           1           0  0.28s           2024-06-08T05:17:58
================================================================================
[2024-06-08T05:18:44.845+0000] {manager.py:738} INFO - Searching for files in /opt/airflow/dags
[2024-06-08T05:18:44.914+0000] {manager.py:741} INFO - There are 1 files in /opt/airflow/dags
[2024-06-08T05:18:57.610+0000] {manager.py:879} INFO - 
================================================================================
DAG File Processing Stats

File Path                         PID    Runtime      # DAGs    # Errors  Last Runtime    Last Run
--------------------------------  -----  ---------  --------  ----------  --------------  -------------------
/opt/airflow/dags/ingest_data.py                           1           0  0.24s           2024-06-08T05:18:29
================================================================================
[2024-06-08T05:19:28.029+0000] {manager.py:879} INFO - 
================================================================================
DAG File Processing Stats

File Path                         PID    Runtime      # DAGs    # Errors  Last Runtime    Last Run
--------------------------------  -----  ---------  --------  ----------  --------------  -------------------
/opt/airflow/dags/ingest_data.py                           1           0  0.17s           2024-06-08T05:18:59
================================================================================
[2024-06-08T05:19:58.721+0000] {manager.py:879} INFO - 
================================================================================
DAG File Processing Stats

File Path                         PID    Runtime      # DAGs    # Errors  Last Runtime    Last Run
--------------------------------  -----  ---------  --------  ----------  --------------  -------------------
/opt/airflow/dags/ingest_data.py                           1           0  0.21s           2024-06-08T05:19:30
================================================================================
[2024-06-08T05:20:29.052+0000] {manager.py:879} INFO - 
================================================================================
DAG File Processing Stats

File Path                         PID    Runtime      # DAGs    # Errors  Last Runtime    Last Run
--------------------------------  -----  ---------  --------  ----------  --------------  -------------------
/opt/airflow/dags/ingest_data.py                           1           0  0.23s           2024-06-08T05:20:00
================================================================================
[2024-06-08T05:20:59.519+0000] {manager.py:879} INFO - 
================================================================================
DAG File Processing Stats

File Path                         PID    Runtime      # DAGs    # Errors  Last Runtime    Last Run
--------------------------------  -----  ---------  --------  ----------  --------------  -------------------
/opt/airflow/dags/ingest_data.py                           1           0  0.29s           2024-06-08T05:20:31
================================================================================
[2024-06-08T05:21:30.011+0000] {manager.py:879} INFO - 
================================================================================
DAG File Processing Stats

File Path                         PID    Runtime      # DAGs    # Errors  Last Runtime    Last Run
--------------------------------  -----  ---------  --------  ----------  --------------  -------------------
/opt/airflow/dags/ingest_data.py                           1           0  0.14s           2024-06-08T05:21:01
================================================================================
[2024-06-08T05:22:00.271+0000] {manager.py:879} INFO - 
================================================================================
DAG File Processing Stats

File Path                         PID    Runtime      # DAGs    # Errors  Last Runtime    Last Run
--------------------------------  -----  ---------  --------  ----------  --------------  -------------------
/opt/airflow/dags/ingest_data.py                           1           0  0.26s           2024-06-08T05:21:32
================================================================================
[2024-06-08T05:22:31.134+0000] {manager.py:879} INFO - 
================================================================================
DAG File Processing Stats

File Path                         PID    Runtime      # DAGs    # Errors  Last Runtime    Last Run
--------------------------------  -----  ---------  --------  ----------  --------------  -------------------
/opt/airflow/dags/ingest_data.py                           1           0  0.20s           2024-06-08T05:22:03
================================================================================
[2024-06-08T05:23:01.870+0000] {manager.py:879} INFO - 
================================================================================
DAG File Processing Stats

File Path                         PID    Runtime      # DAGs    # Errors  Last Runtime    Last Run
--------------------------------  -----  ---------  --------  ----------  --------------  -------------------
/opt/airflow/dags/ingest_data.py                           1           0  0.27s           2024-06-08T05:22:33
================================================================================
[2024-06-08T05:23:32.312+0000] {manager.py:879} INFO - 
================================================================================
DAG File Processing Stats

File Path                         PID    Runtime      # DAGs    # Errors  Last Runtime    Last Run
--------------------------------  -----  ---------  --------  ----------  --------------  -------------------
/opt/airflow/dags/ingest_data.py                           1           0  0.32s           2024-06-08T05:23:04
================================================================================
[2024-06-08T05:23:45.453+0000] {manager.py:738} INFO - Searching for files in /opt/airflow/dags
[2024-06-08T05:23:45.486+0000] {manager.py:741} INFO - There are 1 files in /opt/airflow/dags
[2024-06-08T05:24:02.672+0000] {manager.py:879} INFO - 
================================================================================
DAG File Processing Stats

File Path                         PID    Runtime      # DAGs    # Errors  Last Runtime    Last Run
--------------------------------  -----  ---------  --------  ----------  --------------  -------------------
/opt/airflow/dags/ingest_data.py                           1           0  0.26s           2024-06-08T05:23:34
================================================================================
[2024-06-08T05:24:33.278+0000] {manager.py:879} INFO - 
================================================================================
DAG File Processing Stats

File Path                         PID    Runtime      # DAGs    # Errors  Last Runtime    Last Run
--------------------------------  -----  ---------  --------  ----------  --------------  -------------------
/opt/airflow/dags/ingest_data.py                           1           0  0.19s           2024-06-08T05:24:04
================================================================================
[2024-06-08T05:25:03.608+0000] {manager.py:879} INFO - 
================================================================================
DAG File Processing Stats

File Path                         PID    Runtime      # DAGs    # Errors  Last Runtime    Last Run
--------------------------------  -----  ---------  --------  ----------  --------------  -------------------
/opt/airflow/dags/ingest_data.py                           1           0  0.24s           2024-06-08T05:24:35
================================================================================
[2024-06-08T05:25:33.751+0000] {manager.py:879} INFO - 
================================================================================
DAG File Processing Stats

File Path                         PID    Runtime      # DAGs    # Errors  Last Runtime    Last Run
--------------------------------  -----  ---------  --------  ----------  --------------  -------------------
/opt/airflow/dags/ingest_data.py                           1           0  0.31s           2024-06-08T05:25:05
================================================================================
[2024-06-08T05:26:04.467+0000] {manager.py:879} INFO - 
================================================================================
DAG File Processing Stats

File Path                         PID    Runtime      # DAGs    # Errors  Last Runtime    Last Run
--------------------------------  -----  ---------  --------  ----------  --------------  -------------------
/opt/airflow/dags/ingest_data.py                           1           0  0.21s           2024-06-08T05:25:36
================================================================================
[2024-06-08T05:26:35.238+0000] {manager.py:879} INFO - 
================================================================================
DAG File Processing Stats

File Path                         PID    Runtime      # DAGs    # Errors  Last Runtime    Last Run
--------------------------------  -----  ---------  --------  ----------  --------------  -------------------
/opt/airflow/dags/ingest_data.py                           1           0  0.22s           2024-06-08T05:26:06
================================================================================
[2024-06-08T05:27:05.578+0000] {manager.py:879} INFO - 
================================================================================
DAG File Processing Stats

File Path                         PID    Runtime      # DAGs    # Errors  Last Runtime    Last Run
--------------------------------  -----  ---------  --------  ----------  --------------  -------------------
/opt/airflow/dags/ingest_data.py                           1           0  0.32s           2024-06-08T05:26:37
================================================================================
[2024-06-08T05:27:35.586+0000] {manager.py:879} INFO - 
================================================================================
DAG File Processing Stats

File Path                         PID    Runtime      # DAGs    # Errors  Last Runtime    Last Run
--------------------------------  -----  ---------  --------  ----------  --------------  -------------------
/opt/airflow/dags/ingest_data.py                           1           0  0.19s           2024-06-08T05:27:08
================================================================================
[2024-06-08T05:28:05.864+0000] {manager.py:879} INFO - 
================================================================================
DAG File Processing Stats

File Path                         PID    Runtime      # DAGs    # Errors  Last Runtime    Last Run
--------------------------------  -----  ---------  --------  ----------  --------------  -------------------
/opt/airflow/dags/ingest_data.py                           1           0  0.21s           2024-06-08T05:27:38
================================================================================
[2024-06-08T05:28:36.191+0000] {manager.py:879} INFO - 
================================================================================
DAG File Processing Stats

File Path                         PID    Runtime      # DAGs    # Errors  Last Runtime    Last Run
--------------------------------  -----  ---------  --------  ----------  --------------  -------------------
/opt/airflow/dags/ingest_data.py                           1           0  0.13s           2024-06-08T05:28:09
================================================================================
[2024-06-08T05:28:45.535+0000] {manager.py:738} INFO - Searching for files in /opt/airflow/dags
[2024-06-08T05:28:45.577+0000] {manager.py:741} INFO - There are 1 files in /opt/airflow/dags
[2024-06-08T05:29:06.659+0000] {manager.py:879} INFO - 
================================================================================
DAG File Processing Stats

File Path                         PID    Runtime      # DAGs    # Errors  Last Runtime    Last Run
--------------------------------  -----  ---------  --------  ----------  --------------  -------------------
/opt/airflow/dags/ingest_data.py                           1           0  0.23s           2024-06-08T05:28:39
================================================================================
[2024-06-08T05:29:37.252+0000] {manager.py:879} INFO - 
================================================================================
DAG File Processing Stats

File Path                         PID    Runtime      # DAGs    # Errors  Last Runtime    Last Run
--------------------------------  -----  ---------  --------  ----------  --------------  -------------------
/opt/airflow/dags/ingest_data.py                           1           0  0.18s           2024-06-08T05:29:09
================================================================================
[2024-06-08T05:30:07.681+0000] {manager.py:879} INFO - 
================================================================================
DAG File Processing Stats

File Path                         PID    Runtime      # DAGs    # Errors  Last Runtime    Last Run
--------------------------------  -----  ---------  --------  ----------  --------------  -------------------
/opt/airflow/dags/ingest_data.py                           1           0  0.23s           2024-06-08T05:29:40
================================================================================
[2024-06-08T05:30:38.526+0000] {manager.py:879} INFO - 
================================================================================
DAG File Processing Stats

File Path                         PID    Runtime      # DAGs    # Errors  Last Runtime    Last Run
--------------------------------  -----  ---------  --------  ----------  --------------  -------------------
/opt/airflow/dags/ingest_data.py                           1           0  0.25s           2024-06-08T05:30:11
================================================================================
[2024-06-08T05:31:08.955+0000] {manager.py:879} INFO - 
================================================================================
DAG File Processing Stats

File Path                         PID    Runtime      # DAGs    # Errors  Last Runtime    Last Run
--------------------------------  -----  ---------  --------  ----------  --------------  -------------------
/opt/airflow/dags/ingest_data.py                           1           0  0.66s           2024-06-08T05:31:00
================================================================================
[2024-06-08T05:31:39.317+0000] {manager.py:879} INFO - 
================================================================================
DAG File Processing Stats

File Path                         PID    Runtime      # DAGs    # Errors  Last Runtime    Last Run
--------------------------------  -----  ---------  --------  ----------  --------------  -------------------
/opt/airflow/dags/ingest_data.py                           1           0  0.27s           2024-06-08T05:31:31
================================================================================
[2024-06-08T05:32:09.614+0000] {manager.py:879} INFO - 
================================================================================
DAG File Processing Stats

File Path                         PID    Runtime      # DAGs    # Errors  Last Runtime    Last Run
--------------------------------  -----  ---------  --------  ----------  --------------  -------------------
/opt/airflow/dags/ingest_data.py                           1           0  0.20s           2024-06-08T05:32:01
================================================================================
[2024-06-08T05:32:40.072+0000] {manager.py:879} INFO - 
================================================================================
DAG File Processing Stats

File Path                         PID    Runtime      # DAGs    # Errors  Last Runtime    Last Run
--------------------------------  -----  ---------  --------  ----------  --------------  -------------------
/opt/airflow/dags/ingest_data.py                           1           0  0.25s           2024-06-08T05:32:32
================================================================================
[2024-06-08T05:33:10.106+0000] {manager.py:879} INFO - 
================================================================================
DAG File Processing Stats

File Path                         PID    Runtime      # DAGs    # Errors  Last Runtime    Last Run
--------------------------------  -----  ---------  --------  ----------  --------------  -------------------
/opt/airflow/dags/ingest_data.py                           1           0  1.30s           2024-06-08T05:33:04
================================================================================
[2024-06-08T05:33:40.931+0000] {manager.py:879} INFO - 
================================================================================
DAG File Processing Stats

File Path                         PID    Runtime      # DAGs    # Errors  Last Runtime    Last Run
--------------------------------  -----  ---------  --------  ----------  --------------  -------------------
/opt/airflow/dags/ingest_data.py                           1           0  0.24s           2024-06-08T05:33:34
================================================================================
[2024-06-08T05:33:45.979+0000] {manager.py:738} INFO - Searching for files in /opt/airflow/dags
[2024-06-08T05:33:46.053+0000] {manager.py:741} INFO - There are 1 files in /opt/airflow/dags
[2024-06-08T05:34:11.001+0000] {manager.py:879} INFO - 
================================================================================
DAG File Processing Stats

File Path                         PID    Runtime      # DAGs    # Errors  Last Runtime    Last Run
--------------------------------  -----  ---------  --------  ----------  --------------  -------------------
/opt/airflow/dags/ingest_data.py                           1           0  0.82s           2024-06-08T05:34:06
================================================================================
[2024-06-08T05:34:41.504+0000] {manager.py:879} INFO - 
================================================================================
DAG File Processing Stats

File Path                         PID    Runtime      # DAGs    # Errors  Last Runtime    Last Run
--------------------------------  -----  ---------  --------  ----------  --------------  -------------------
/opt/airflow/dags/ingest_data.py                           1           0  0.22s           2024-06-08T05:34:37
================================================================================
[2024-06-08T05:35:11.952+0000] {manager.py:879} INFO - 
================================================================================
DAG File Processing Stats

File Path                         PID    Runtime      # DAGs    # Errors  Last Runtime    Last Run
--------------------------------  -----  ---------  --------  ----------  --------------  -------------------
/opt/airflow/dags/ingest_data.py                           1           0  0.29s           2024-06-08T05:35:08
================================================================================
[2024-06-08T05:35:42.318+0000] {manager.py:879} INFO - 
================================================================================
DAG File Processing Stats

File Path                         PID    Runtime      # DAGs    # Errors  Last Runtime    Last Run
--------------------------------  -----  ---------  --------  ----------  --------------  -------------------
/opt/airflow/dags/ingest_data.py                           1           0  0.34s           2024-06-08T05:35:38
================================================================================
[2024-06-08T05:36:12.689+0000] {manager.py:879} INFO - 
================================================================================
DAG File Processing Stats

File Path                         PID    Runtime      # DAGs    # Errors  Last Runtime    Last Run
--------------------------------  -----  ---------  --------  ----------  --------------  -------------------
/opt/airflow/dags/ingest_data.py                           1           0  0.25s           2024-06-08T05:36:08
================================================================================
[2024-06-08T05:36:43.258+0000] {manager.py:879} INFO - 
================================================================================
DAG File Processing Stats

File Path                         PID    Runtime      # DAGs    # Errors  Last Runtime    Last Run
--------------------------------  -----  ---------  --------  ----------  --------------  -------------------
/opt/airflow/dags/ingest_data.py                           1           0  0.26s           2024-06-08T05:36:39
================================================================================
[2024-06-08T05:37:13.575+0000] {manager.py:879} INFO - 
================================================================================
DAG File Processing Stats

File Path                         PID    Runtime      # DAGs    # Errors  Last Runtime    Last Run
--------------------------------  -----  ---------  --------  ----------  --------------  -------------------
/opt/airflow/dags/ingest_data.py                           1           0  0.17s           2024-06-08T05:37:09
================================================================================
[2024-06-08T05:37:43.947+0000] {manager.py:879} INFO - 
================================================================================
DAG File Processing Stats

File Path                         PID    Runtime      # DAGs    # Errors  Last Runtime    Last Run
--------------------------------  -----  ---------  --------  ----------  --------------  -------------------
/opt/airflow/dags/ingest_data.py                           1           0  0.16s           2024-06-08T05:37:39
================================================================================
[2024-06-08T05:38:15.387+0000] {manager.py:879} INFO - 
================================================================================
DAG File Processing Stats

File Path                         PID    Runtime      # DAGs    # Errors  Last Runtime    Last Run
--------------------------------  -----  ---------  --------  ----------  --------------  -------------------
/opt/airflow/dags/ingest_data.py                           1           0  0.30s           2024-06-08T05:38:10
================================================================================
[2024-06-08T05:38:45.995+0000] {manager.py:738} INFO - Searching for files in /opt/airflow/dags
[2024-06-08T05:38:46.048+0000] {manager.py:741} INFO - There are 1 files in /opt/airflow/dags
[2024-06-08T05:38:46.076+0000] {manager.py:879} INFO - 
================================================================================
DAG File Processing Stats

File Path                         PID    Runtime      # DAGs    # Errors  Last Runtime    Last Run
--------------------------------  -----  ---------  --------  ----------  --------------  -------------------
/opt/airflow/dags/ingest_data.py                           1           0  0.56s           2024-06-08T05:38:41
================================================================================
[2024-06-08T05:39:16.541+0000] {manager.py:879} INFO - 
================================================================================
DAG File Processing Stats

File Path                         PID    Runtime      # DAGs    # Errors  Last Runtime    Last Run
--------------------------------  -----  ---------  --------  ----------  --------------  -------------------
/opt/airflow/dags/ingest_data.py                           1           0  0.23s           2024-06-08T05:39:11
================================================================================
[2024-06-08T05:39:46.902+0000] {manager.py:879} INFO - 
================================================================================
DAG File Processing Stats

File Path                         PID    Runtime      # DAGs    # Errors  Last Runtime    Last Run
--------------------------------  -----  ---------  --------  ----------  --------------  -------------------
/opt/airflow/dags/ingest_data.py                           1           0  0.26s           2024-06-08T05:39:42
================================================================================
[2024-06-08T05:40:17.321+0000] {manager.py:879} INFO - 
================================================================================
DAG File Processing Stats

File Path                         PID    Runtime      # DAGs    # Errors  Last Runtime    Last Run
--------------------------------  -----  ---------  --------  ----------  --------------  -------------------
/opt/airflow/dags/ingest_data.py                           1           0  0.23s           2024-06-08T05:40:12
================================================================================
[2024-06-08T05:40:47.659+0000] {manager.py:879} INFO - 
================================================================================
DAG File Processing Stats

File Path                         PID    Runtime      # DAGs    # Errors  Last Runtime    Last Run
--------------------------------  -----  ---------  --------  ----------  --------------  -------------------
/opt/airflow/dags/ingest_data.py                           1           0  0.34s           2024-06-08T05:40:42
================================================================================
[2024-06-08T05:41:18.207+0000] {manager.py:879} INFO - 
================================================================================
DAG File Processing Stats

File Path                         PID    Runtime      # DAGs    # Errors  Last Runtime    Last Run
--------------------------------  -----  ---------  --------  ----------  --------------  -------------------
/opt/airflow/dags/ingest_data.py                           1           0  0.24s           2024-06-08T05:41:13
================================================================================
[2024-06-08T05:41:48.708+0000] {manager.py:879} INFO - 
================================================================================
DAG File Processing Stats

File Path                         PID    Runtime      # DAGs    # Errors  Last Runtime    Last Run
--------------------------------  -----  ---------  --------  ----------  --------------  -------------------
/opt/airflow/dags/ingest_data.py                           1           0  0.22s           2024-06-08T05:41:43
================================================================================
[2024-06-08T05:42:19.026+0000] {manager.py:879} INFO - 
================================================================================
DAG File Processing Stats

File Path                         PID    Runtime      # DAGs    # Errors  Last Runtime    Last Run
--------------------------------  -----  ---------  --------  ----------  --------------  -------------------
/opt/airflow/dags/ingest_data.py                           1           0  0.26s           2024-06-08T05:42:14
================================================================================
